#
# A fatal error has been detected by the Java Runtime Environment:
#
#  Internal Error (jvmciRuntime.cpp:1609), pid=24, tid=43
#  fatal error: Fatal exception in JVMCI: Error calling jdk.vm.ci.services.Services.serializeSavedProperties
#
# JRE version: OpenJDK Runtime Environment GraalVM CE 22.3.0 (17.0.5+8) (build 17.0.5+8-jvmci-22.3-b08)
# Java VM: OpenJDK 64-Bit Server VM GraalVM CE 22.3.0 (17.0.5+8-jvmci-22.3-b08, mixed mode, sharing, tiered, jvmci, jvmci compiler, compressed oops, compressed class ptrs, parallel gc, linux-amd64)
# Problematic frame:
# V  [libjvm.so+0x972714]  JVMCIRuntime::fatal_exception(JVMCIEnv*, char const*)+0x74
#
# Core dump will be written. Default location: Core dumps may be processed with "/usr/share/apport/apport -p%p -s%s -c%c -d%d -P%P -u%u -g%g -- %E" (or dumping to /home/runner/BlackJackProject/core.24)
#
# If you would like to submit a bug report, please visit:
#   https://github.com/oracle/graal/issues
#

---------------  S U M M A R Y ------------

Command Line: -XX:ThreadPriorityPolicy=1 -XX:+UnlockExperimentalVMOptions -XX:+EnableJVMCIProduct -XX:JVMCIThreadsPerNativeLibraryRuntime=1 -XX:-UnlockExperimentalVMOptions -Declipse.application=org.eclipse.jdt.ls.core.id1 -Dosgi.bundles.defaultStartLevel=4 -Declipse.product=org.eclipse.jdt.ls.core.product -Dlog.level=ALL -Xverify:none -XX:+UseParallelGC -XX:GCTimeRatio=4 -XX:AdaptiveSizePolicyWeight=90 -Dsun.zip.disableMemoryMapping=true -Xmx512m -Xms100m /nix/store/m6gcpi1ii6rghy04cjwjddcavv7i90df-jdt-language-server-1.9.0/share/java/plugins/org.eclipse.equinox.launcher_1.6.400.v20210924-0641.jar --add-modules=ALL-SYSTEM --add-opens java.base/java.util=ALL-UNNAMED --add-opens java.base/java.lang=ALL-UNNAMED -configuration /home/runner/.cache/jdt-language-server/config -data /home/runner/.cache/jdt-language-server/data/home/runner/BlackJackProject

Host: AMD EPYC 7B12, 8 cores, 1G, Ubuntu 20.04.2 LTS
Time: Thu Mar 16 18:44:03 2023 UTC elapsed time: 379.579050 seconds (0d 0h 6m 19s)

---------------  T H R E A D  ---------------

Current thread (0x00007fb2200b21e0):  JavaThread "JVMCI-native CompilerThread0" daemon [_thread_in_vm, id=43, stack(0x00007fb205700000,0x00007fb205900000)]


Current CompileTask:
JVMCI-native: 379579 10111       4       java.lang.AbstractStringBuilder::append (63 bytes)

Stack: [0x00007fb205700000,0x00007fb205900000],  sp=0x00007fb2058fe380,  free space=2040k
Native frames: (J=compiled Java code, j=interpreted, Vv=VM code, C=native code)
V  [libjvm.so+0x972714]  JVMCIRuntime::fatal_exception(JVMCIEnv*, char const*)+0x74
V  [libjvm.so+0x93e2fe]  JVMCIEnv::copy_saved_properties()+0x14e
V  [libjvm.so+0x9732a9]  JVMCIRuntime::initialize(JVMCIEnv*)+0xb19
V  [libjvm.so+0x9738a2]  JVMCIRuntime::get_HotSpotJVMCIRuntime(JVMCIEnv*)+0x12
V  [libjvm.so+0x9749f2]  JVMCIRuntime::compile_method(JVMCIEnv*, JVMCICompiler*, methodHandle const&, int)+0xd2
V  [libjvm.so+0x5b0d20]  CompileBroker::invoke_compiler_on_method(CompileTask*)+0x1470
V  [libjvm.so+0x5b12e8]  CompileBroker::compiler_thread_loop()+0x528
V  [libjvm.so+0xd82460]  JavaThread::thread_main_inner()+0xd0
V  [libjvm.so+0xd85a40]  Thread::call_run()+0xc0
V  [libjvm.so+0xbdb1e1]  thread_native_entry(Thread*)+0xe1

Register to memory mapping:

RAX=0x00007fb2253c4000 points into unknown readable memory: 0x0000000000000058 | 58 00 00 00 00 00 00 00
RBX=0x00007fb2264bf398: <offset 0x0000000000ef5398> in /nix/store/gpxl5qgg8kicmcvivwmybwjlpf7wh20l-graalvm17-ce-22.3.0/lib/server/libjvm.so at 0x00007fb2255ca000
RCX=0x00007fb2264771e8: <offset 0x0000000000ead1e8> in /nix/store/gpxl5qgg8kicmcvivwmybwjlpf7wh20l-graalvm17-ce-22.3.0/lib/server/libjvm.so at 0x00007fb2255ca000
RDX=0x0000000000000649 is an unknown value
RSP=0x00007fb2058fe380 is pointing into the stack for thread: 0x00007fb2200b21e0
RBP=0x00007fb2058fe3a0 is pointing into the stack for thread: 0x00007fb2200b21e0
RSI=0x00007fb2264bfc48: <offset 0x0000000000ef5c48> in /nix/store/gpxl5qgg8kicmcvivwmybwjlpf7wh20l-graalvm17-ce-22.3.0/lib/server/libjvm.so at 0x00007fb2255ca000
RDI=0x00000000e0000000 is an oop: java.lang.String 
{0x00000000e0000000} - klass: 'java/lang/String'
 - string: "resolution"
R8 =0x00007fb2264bf398: <offset 0x0000000000ef5398> in /nix/store/gpxl5qgg8kicmcvivwmybwjlpf7wh20l-graalvm17-ce-22.3.0/lib/server/libjvm.so at 0x00007fb2255ca000
R9 =0x00007fb2058fe330 is pointing into the stack for thread: 0x00007fb2200b21e0
R10=0x00007fb2058ff948 is pointing into the stack for thread: 0x00007fb2200b21e0
R11=0x0000000000000293 is an unknown value
R12=0x0 is NULL
R13=0x00007fb2200b21e0 is a thread
R14=0x00007fb220000b80 points into unknown readable memory: 0x00007fb2266f0a38 | 38 0a 6f 26 b2 7f 00 00
R15=0x00007fb2267fee40: <offset 0x0000000001234e40> in /nix/store/gpxl5qgg8kicmcvivwmybwjlpf7wh20l-graalvm17-ce-22.3.0/lib/server/libjvm.so at 0x00007fb2255ca000


Registers:
RAX=0x00007fb2253c4000, RBX=0x00007fb2264bf398, RCX=0x00007fb2264771e8, RDX=0x0000000000000649
RSP=0x00007fb2058fe380, RBP=0x00007fb2058fe3a0, RSI=0x00007fb2264bfc48, RDI=0x00000000e0000000
R8 =0x00007fb2264bf398, R9 =0x00007fb2058fe330, R10=0x00007fb2058ff948, R11=0x0000000000000293
R12=0x0000000000000000, R13=0x00007fb2200b21e0, R14=0x00007fb220000b80, R15=0x00007fb2267fee40
RIP=0x00007fb225f3c714, EFLAGS=0x0000000000010206, CSGSFS=0x002b000000000033, ERR=0x0000000000000006
  TRAPNO=0x000000000000000e

Top of Stack: (sp=0x00007fb2058fe380)
0x00007fb2058fe380:   00007fb2058fe940 00007fb2200b21e0
0x00007fb2058fe390:   00007fb224d558c8 0000000800c417a0
0x00007fb2058fe3a0:   00007fb2058fe500 00007fb225f082fe
0x00007fb2058fe3b0:   00007fb2058fe3e0 00007fb2058fe440 

Instructions: (pc=0x00007fb225f3c714)
0x00007fb225f3c614:   30 e8 f6 cf e8 ff 4c 89 e7 e8 2e 48 d1 ff 84 db
0x00007fb225f3c624:   75 2a 4d 85 ed 74 04 4d 8b 6d 00 48 83 c4 08 44
0x00007fb225f3c634:   89 f9 4c 89 f2 4c 89 ee 5b 4c 89 e7 41 5c 41 5d
0x00007fb225f3c644:   41 5e 41 5f 5d e9 e2 47 d1 ff 66 90 48 83 c4 08
0x00007fb225f3c654:   5b 41 5c 41 5d 41 5e 41 5f 5d c3 90 31 d2 be 08
0x00007fb225f3c664:   00 00 00 4c 89 ff e8 b1 78 a3 ff 49 89 c5 e9 37
0x00007fb225f3c674:   ff ff ff 66 0f 1f 84 00 00 00 00 00 48 8b 7a 08
0x00007fb225f3c684:   e9 6d ff ff ff 0f 1f 80 00 00 00 00 e8 5b 48 0a
0x00007fb225f3c694:   00 84 c0 75 89 e9 6a ff ff ff 66 90 55 48 89 e5
0x00007fb225f3c6a4:   41 56 41 55 41 54 49 89 fc 53 48 89 f3 66 48 8d
0x00007fb225f3c6b4:   3d 27 5e 85 00 66 66 48 e8 df 43 8d ff 4c 8b 28
0x00007fb225f3c6c4:   8b 05 be 72 8a 00 85 c0 75 14 ba 01 00 00 00 48
0x00007fb225f3c6d4:   8d 0d ae 72 8a 00 f0 0f b1 11 85 c0 74 4e be c8
0x00007fb225f3c6e4:   00 00 00 4c 89 ef e8 01 0b 41 00 48 8d 05 12 ac
0x00007fb225f3c6f4:   85 00 49 89 d8 48 8d 0d e8 aa 53 00 ba 49 06 00
0x00007fb225f3c704:   00 48 8d 35 3c 35 58 00 bf 00 00 00 e0 48 8b 00
0x00007fb225f3c714:   c6 00 58 31 c0 e8 e2 91 c6 ff 5b 41 5c 41 5d 41
0x00007fb225f3c724:   5e 5d e9 55 34 26 00 0f 1f 44 00 00 48 8d 05 81
0x00007fb225f3c734:   a3 8b 00 48 89 df 4c 8b 30 e8 9e 43 8d ff 48 89
0x00007fb225f3c744:   de 48 89 c2 49 8b 06 4c 89 f7 ff 50 08 4c 89 f7
0x00007fb225f3c754:   e8 a7 5c 27 00 4d 85 e4 74 12 be 01 00 00 00 4c
0x00007fb225f3c764:   89 e7 e8 35 43 fc ff eb 82 0f 1f 00 be 01 00 00
0x00007fb225f3c774:   00 4c 89 ef e8 d3 fd ff ff e9 6d ff ff ff 66 66
0x00007fb225f3c784:   2e 0f 1f 84 00 00 00 00 00 0f 1f 00 55 48 89 e5
0x00007fb225f3c794:   41 57 41 56 41 55 41 54 53 48 81 ec 08 02 00 00
0x00007fb225f3c7a4:   64 48 8b 04 25 28 00 00 00 48 89 45 c8 8b 07 83
0x00007fb225f3c7b4:   f8 02 0f 84 11 04 00 00 4c 8b 6f 18 49 89 ff 49
0x00007fb225f3c7c4:   89 f4 4d 85 ed 74 14 4c 89 ef e8 5d 57 22 00 41
0x00007fb225f3c7d4:   8b 07 83 f8 02 0f 84 19 04 00 00 48 8d 1d 9a 06
0x00007fb225f3c7e4:   8a 00 4c 8d 35 0b 3c 58 00 eb 38 90 48 85 d2 7f
0x00007fb225f3c7f4:   0d 48 8d 05 b4 c0 85 00 48 83 38 00 7e 0e 41 8b
0x00007fb225f3c804:   77 2c 4c 89 f7 31 c0 e8 a0 b2 f7 ff 49 8b 7f 18 


Stack slot to memory mapping:
stack at sp + 0 slots: 0x00007fb2058fe940 is pointing into the stack for thread: 0x00007fb2200b21e0
stack at sp + 1 slots: 0x00007fb2200b21e0 is a thread
stack at sp + 2 slots: 0x00007fb224d558c8 points into unknown readable memory: 0x6573001880c9ffff | ff ff c9 80 18 00 73 65
stack at sp + 3 slots: 0x0000000800c417a0 is a pointer to class: 
jdk.vm.ci.services.Services {0x0000000800c417a0}
 - instance size:     2
 - klass size:        65
 - access:            public final synchronized 
 - state:             fully_initialized
 - name:              'jdk/vm/ci/services/Services'
 - super:             'java/lang/Object'
 - sub:               
 - arrays:            NULL
 - methods:           Array<T>(0x00007fb205c40f18)
 - method ordering:   Array<T>(0x0000000800928960)
 - default_methods:   Array<T>(0x0000000000000000)
 - local interfaces:  Array<T>(0x00000008005ce810)
 - trans. interfaces: Array<T>(0x00000008005ce810)
 - constants:         constant pool [427] {0x00007fb205c3fff8} for 'jdk/vm/ci/services/Services' cache=0x00007fb205c421e8
 - class loader data:  loader data: 0x00007fb2200283f0 of 'bootstrap'
 - source file:       'Services.java'
 - class annotations:       Array<T>(0x0000000000000000)
 - class type annotations:  Array<T>(0x0000000000000000)
 - field annotations:       Array<T>(0x0000000000000000)
 - field type annotations:  Array<T>(0x0000000000000000)
 - inner classes:     Array<T>(0x00007fb205c421b8)
 - nest members:     Array<T>(0x00007fb205c421d8)
 - permitted subclasses:     Array<T>(0x00000008005ce7a0)
 - java mirror:       a 'java/lang/Class'{0x00000000e01491f0} = 'jdk/vm/ci/services/Services'
 - vtable length      5  (start addr: 0x0000000800c41970)
 - itable length      2 (start addr: 0x0000000800c41998)
 - ---- static fields (3 words):
 - public static final 'IS_BUILDING_NATIVE_IMAGE' 'Z' @128 
 - public static final 'IS_IN_NATIVE_IMAGE' 'Z' @129 
 - private static volatile 'savedProperties' 'Ljava/util/Map;' @112 
 - static final 'JVMCI_ENABLED' 'Z' @130 
 - private static final 'servicesCache' 'Ljava/util/Map;' @116 
 - private static final 'MAX_UNICODE_IN_UTF8_LENGTH' 'I' @120 
 - private static final 'MAX_UTF8_PROPERTY_STRING_LENGTH' 'I' @124 
 - ---- non-static fields (0 words):
 - non-static oop maps: 
stack at sp + 4 slots: 0x00007fb2058fe500 is pointing into the stack for thread: 0x00007fb2200b21e0
stack at sp + 5 slots: 0x00007fb225f082fe: <offset 0x000000000093e2fe> in /nix/store/gpxl5qgg8kicmcvivwmybwjlpf7wh20l-graalvm17-ce-22.3.0/lib/server/libjvm.so at 0x00007fb2255ca000
stack at sp + 6 slots: 0x00007fb2058fe3e0 is pointing into the stack for thread: 0x00007fb2200b21e0
stack at sp + 7 slots: 0x00007fb2058fe440 is pointing into the stack for thread: 0x00007fb2200b21e0


---------------  P R O C E S S  ---------------

Threads class SMR info:
_java_thread_list=0x00007fb158005ec0, length=30, elements={
0x00007fb220026690, 0x00007fb2200a64d0, 0x00007fb2200a7910, 0x00007fb2200ae050,
0x00007fb2200af400, 0x00007fb2200b07f0, 0x00007fb2200b21e0, 0x00007fb2200b36f0,
0x00007fb2200b4b40, 0x00007fb2200e8810, 0x00007fb220130790, 0x00007fb22032bdc0,
0x00007fb22035f060, 0x00007fb220361b10, 0x00007fb22038dfd0, 0x00007fb1b401a740,
0x00007fb1b42a1440, 0x00007fb1b4305220, 0x00007fb1b4480f70, 0x00007fb1b464ed60,
0x00007fb1a8007510, 0x00007fb2204da0a0, 0x00007fb2204b9710, 0x00007fb198001130,
0x00007fb19040fd60, 0x00007fb1904108e0, 0x00007fb170001dd0, 0x00007fb1b014ac50,
0x00007fb1b014bc20, 0x00007fb1b014a0e0
}

Java Threads: ( => current thread )
  0x00007fb220026690 JavaThread "main" [_thread_blocked, id=32, stack(0x00007fb2253e5000,0x00007fb2254e5000)]
  0x00007fb2200a64d0 JavaThread "Reference Handler" daemon [_thread_blocked, id=36, stack(0x00007fb2243fc000,0x00007fb2244fc000)]
  0x00007fb2200a7910 JavaThread "Finalizer" daemon [_thread_blocked, id=38, stack(0x00007fb2242fc000,0x00007fb2243fc000)]
  0x00007fb2200ae050 JavaThread "Signal Dispatcher" daemon [_thread_blocked, id=40, stack(0x00007fb205b00000,0x00007fb205c00000)]
  0x00007fb2200af400 JavaThread "Service Thread" daemon [_thread_blocked, id=41, stack(0x00007fb205a00000,0x00007fb205b00000)]
  0x00007fb2200b07f0 JavaThread "Monitor Deflation Thread" daemon [_thread_blocked, id=42, stack(0x00007fb205900000,0x00007fb205a00000)]
=>0x00007fb2200b21e0 JavaThread "JVMCI-native CompilerThread0" daemon [_thread_in_vm, id=43, stack(0x00007fb205700000,0x00007fb205900000)]
  0x00007fb2200b36f0 JavaThread "C1 CompilerThread0" daemon [_thread_blocked, id=44, stack(0x00007fb205500000,0x00007fb205700000)]
  0x00007fb2200b4b40 JavaThread "Sweeper thread" daemon [_thread_blocked, id=45, stack(0x00007fb205400000,0x00007fb205500000)]
  0x00007fb2200e8810 JavaThread "Common-Cleaner" daemon [_thread_blocked, id=46, stack(0x00007fb205300000,0x00007fb205400000)]
  0x00007fb220130790 JavaThread "Notification Thread" daemon [_thread_blocked, id=48, stack(0x00007fb205200000,0x00007fb205300000)]
  0x00007fb22032bdc0 JavaThread "Active Thread: Equinox Container: fce20799-4216-49d8-b531-0e2e90dc6588" [_thread_blocked, id=60, stack(0x00007fb204e00000,0x00007fb204f00000)]
  0x00007fb22035f060 JavaThread "Framework Event Dispatcher: Equinox Container: fce20799-4216-49d8-b531-0e2e90dc6588" daemon [_thread_blocked, id=61, stack(0x00007fb204c00000,0x00007fb204d00000)]
  0x00007fb220361b10 JavaThread "Start Level: Equinox Container: fce20799-4216-49d8-b531-0e2e90dc6588" daemon [_thread_blocked, id=62, stack(0x00007fb204a00000,0x00007fb204b00000)]
  0x00007fb22038dfd0 JavaThread "Refresh Thread: Equinox Container: fce20799-4216-49d8-b531-0e2e90dc6588" daemon [_thread_blocked, id=71, stack(0x00007fb204800000,0x00007fb204900000)]
  0x00007fb1b401a740 JavaThread "SCR Component Actor" daemon [_thread_blocked, id=72, stack(0x00007fb204600000,0x00007fb204700000)]
  0x00007fb1b42a1440 JavaThread "Worker-JM" [_thread_blocked, id=82, stack(0x00007fb204200000,0x00007fb204300000)]
  0x00007fb1b4305220 JavaThread "Worker-0: Java indexing... " [_thread_blocked, id=86, stack(0x00007fb204100000,0x00007fb204200000)]
  0x00007fb1b4480f70 JavaThread "Java indexing" daemon [_thread_blocked, id=93, stack(0x00007fb1cc900000,0x00007fb1cca00000)]
  0x00007fb1b464ed60 JavaThread "Bundle File Closer" daemon [_thread_blocked, id=94, stack(0x00007fb1cc700000,0x00007fb1cc800000)]
  0x00007fb1a8007510 JavaThread "Worker-2: Compacting resource model" [_thread_blocked, id=103, stack(0x00007fb1cc500000,0x00007fb1cc600000)]
  0x00007fb2204da0a0 JavaThread "pool-3-thread-1" [_thread_blocked, id=104, stack(0x00007fb204ffe000,0x00007fb2050fe000)]
  0x00007fb2204b9710 JavaThread "pool-2-thread-1" [_thread_blocked, id=105, stack(0x00007fb204400000,0x00007fb204500000)]
  0x00007fb198001130 JavaThread "Worker-3" [_thread_blocked, id=109, stack(0x00007fb1cc300000,0x00007fb1cc400000)]
  0x00007fb19040fd60 JavaThread "OkHttp repo.maven.apache.org" [_thread_in_native, id=183, stack(0x00007fb1cbd00000,0x00007fb1cbe00000)]
  0x00007fb1904108e0 JavaThread "OkHttp ConnectionPool" daemon [_thread_blocked, id=184, stack(0x00007fb1cbb00000,0x00007fb1cbc00000)]
  0x00007fb170001dd0 JavaThread "OkHttp repo.maven.apache.org Writer" [_thread_blocked, id=185, stack(0x00007fb1cb900000,0x00007fb1cba00000)]
  0x00007fb1b014ac50 JavaThread "Thread-4" [_thread_blocked, id=258, stack(0x00007fb204b00000,0x00007fb204c00000)]
  0x00007fb1b014bc20 JavaThread "Thread-5" [_thread_blocked, id=262, stack(0x00007fb1cc000000,0x00007fb1cc100000)]
  0x00007fb1b014a0e0 JavaThread "Thread-11" [_thread_blocked, id=788, stack(0x00007fb204000000,0x00007fb204100000)]

Other Threads:
  0x00007fb2200a1c10 VMThread "VM Thread" [stack: 0x00007fb2244fe000,0x00007fb2245fe000] [id=34] _threads_hazard_ptr=0x00007fb158005ec0
  0x00007fb220132130 WatcherThread [stack: 0x00007fb205100000,0x00007fb205200000] [id=49]
  0x00007fb22003df30 GCTaskThread "GC Thread#0" [stack: 0x00007fb224fa8000,0x00007fb2250a8000] [id=33]

Threads with active compile tasks:
JVMCI-native CompilerThread0   379629 10111       4       java.lang.AbstractStringBuilder::append (63 bytes)

VM state: synchronizing (normal execution)

VM Mutex/Monitor currently owned by a thread:  ([mutex/lock_event])
[0x00007fb220023840] Threads_lock - owner thread: 0x00007fb2200a1c10
[0x00007fb220023ff0] Heap_lock - owner thread: 0x00007fb1b4305220

OutOfMemory and StackOverflow Exception counts:
OutOfMemoryError java_heap_errors=3
LinkageErrors=73

Heap address: 0x00000000e0000000, size: 512 MB, Compressed Oops mode: 32-bit

CDS archive(s) mapped at: [0x0000000800000000-0x0000000800bc8000-0x0000000800bc8000), size 12353536, SharedBaseAddress: 0x0000000800000000, ArchiveRelocationMode: 0.
Compressed class space mapped at: 0x0000000800c00000-0x0000000840c00000, reserved size: 1073741824
Narrow klass base: 0x0000000800000000, Narrow klass shift: 0, Narrow klass range: 0x100000000

GC Precious Log:
 CPUs: 8 total, 1 available
 Memory: 1024M
 Large Page Support: Disabled
 NUMA Support: Disabled
 Compressed Oops: Enabled (32-bit)
 Alignments: Space 512K, Generation 512K, Heap 2M
 Heap Min Capacity: 100M
 Heap Initial Capacity: 100M
 Heap Max Capacity: 512M
 Pre-touch: Disabled
 Parallel Workers: 1

Heap:
 PSYoungGen      total 53760K, used 38912K [0x00000000f5580000, 0x00000000f9a00000, 0x0000000100000000)
  eden space 38912K, 100% used [0x00000000f5580000,0x00000000f7b80000,0x00000000f7b80000)
  from space 14848K, 0% used [0x00000000f7b80000,0x00000000f7b80000,0x00000000f8a00000)
  to   space 14336K, 0% used [0x00000000f8a00000,0x00000000f8a00000,0x00000000f9800000)
 ParOldGen       total 349696K, used 349695K [0x00000000e0000000, 0x00000000f5580000, 0x00000000f5580000)
  object space 349696K, 99% used [0x00000000e0000000,0x00000000f557fe58,0x00000000f5580000)
 Metaspace       used 62428K, committed 63680K, reserved 1114112K
  class space    used 6121K, committed 6592K, reserved 1048576K

Card table byte_map: [0x00007fb2250a8000,0x00007fb2251a9000] _byte_map_base: 0x00007fb2249a8000

Marking Bits: (ParMarkBitMap*) 0x00007fb2267f84c0
 Begin Bits: [0x00007fb2064b3000, 0x00007fb206cb3000)
 End Bits:   [0x00007fb206cb3000, 0x00007fb2074b3000)

Polling page: 0x00007fb2253c2000

Metaspace:

Usage:
  Non-class:     54.99 MB used.
      Class:      5.98 MB used.
       Both:     60.97 MB used.

Virtual space:
  Non-class space:       64.00 MB reserved,      55.75 MB ( 87%) committed,  8 nodes.
      Class space:        1.00 GB reserved,       6.44 MB ( <1%) committed,  1 nodes.
             Both:        1.06 GB reserved,      62.19 MB (  6%) committed. 

Chunk freelists:
   Non-Class:  4.17 MB
       Class:  1.63 MB
        Both:  5.80 MB

MaxMetaspaceSize: unlimited
CompressedClassSpaceSize: 1.00 GB
Initial GC threshold: 21.00 MB
Current GC threshold: 103.56 MB
CDS: on
MetaspaceReclaimPolicy: balanced
 - commit_granule_bytes: 65536.
 - commit_granule_words: 8192.
 - virtual_space_node_default_size: 1048576.
 - enlarge_chunks_in_place: 1.
 - new_chunks_are_fully_committed: 0.
 - uncommit_free_chunks: 1.
 - use_allocation_guard: 0.
 - handle_deallocations: 1.


Internal statistics:

num_allocs_failed_limit: 6.
num_arena_births: 528.
num_arena_deaths: 158.
num_vsnodes_births: 9.
num_vsnodes_deaths: 0.
num_space_committed: 993.
num_space_uncommitted: 0.
num_chunks_returned_to_freelist: 221.
num_chunks_taken_from_freelist: 3003.
num_chunk_merges: 87.
num_chunk_splits: 1954.
num_chunks_enlarged: 1207.
num_purges: 4.
num_inconsistent_stats: 0.

CodeHeap 'non-profiled nmethods': size=120036Kb used=2569Kb max_used=2569Kb free=117466Kb
 bounds [0x00007fb20ef7a000, 0x00007fb20f20a000, 0x00007fb2164b3000]
CodeHeap 'profiled nmethods': size=120032Kb used=16535Kb max_used=16535Kb free=103496Kb
 bounds [0x00007fb207a42000, 0x00007fb208a72000, 0x00007fb20ef7a000]
CodeHeap 'non-nmethods': size=5692Kb used=1387Kb max_used=1402Kb free=4304Kb
 bounds [0x00007fb2074b3000, 0x00007fb207723000, 0x00007fb207a42000]
 total_blobs=8372 nmethods=7648 adapters=633
 compilation: enabled
              stopped_count=0, restarted_count=0
 full_count=0

JVMCI Events (20 events):
Event: 76.388 Thread 0x00007fb2200b21e0 destroyed JavaVM[1]@0x00007fb1cd69e340 for JVMCI runtime 0
Event: 76.388 Thread 0x00007fb2200b21e0 compacted oop handles in JVMCI runtime 0 from 101 to 101
Event: 76.388 Thread 0x00007fb2200b21e0 releasing handles for JVMCI runtime 0: oop handles=101, metadata handles={total=1088, live=357, blocks=34}
Event: 76.388 Thread 0x00007fb2200b21e0 detached from JVMCI runtime 0
Event: 193.410 Thread 0x00007fb2200b21e0 attached to JVMCI runtime 0
Event: 193.412 Thread 0x00007fb2200b21e0 created JavaVM[2]@0x00007fb18a29e340 for JVMCI runtime 0
Event: 195.036 Thread 0x00007fb2200b21e0 initializing JVMCI runtime 0
Event: 195.036 Thread 0x00007fb2200b21e0 done waiting for JavaVM references initialization in JVMCI runtime 0
Event: 274.815 Thread 0x00007fb2200b21e0 initialized JVMCI runtime 0
Event: 285.721 Thread 0x00007fb2200b21e0 detaching from JVMCI runtime 0: releasing idle compiler thread (0 other threads still attached)
Event: 285.721 Thread 0x00007fb2200b21e0 shutting down HotSpotJVMCIRuntime for JVMCI runtime 0
Event: 285.721 Thread 0x00007fb2200b21e0 shut down JVMCI runtime 0
Event: 285.722 Thread 0x00007fb2200b21e0 destroyed JavaVM[2]@0x00007fb18a29e340 for JVMCI runtime 0
Event: 285.722 Thread 0x00007fb2200b21e0 compacted oop handles in JVMCI runtime 0 from 63 to 63
Event: 285.722 Thread 0x00007fb2200b21e0 releasing handles for JVMCI runtime 0: oop handles=63, metadata handles={total=111, live=100, blocks=34}
Event: 285.722 Thread 0x00007fb2200b21e0 detached from JVMCI runtime 0
Event: 304.461 Thread 0x00007fb2200b21e0 attached to JVMCI runtime 0
Event: 304.462 Thread 0x00007fb2200b21e0 created JavaVM[3]@0x00007fb18a29e340 for JVMCI runtime 0
Event: 304.462 Thread 0x00007fb2200b21e0 initializing JVMCI runtime 0
Event: 304.462 Thread 0x00007fb2200b21e0 done waiting for JavaVM references initialization in JVMCI runtime 0

Compilation events (20 events):
Event: 258.930 Thread 0x00007fb2200b36f0 10107       3       jdk.internal.reflect.ClassFileAssembler::getMaxLocals (6 bytes)
Event: 258.930 Thread 0x00007fb2200b36f0 nmethod 10107 0x00007fb208974590 code [0x00007fb208974720, 0x00007fb208974830]
Event: 274.815 Thread 0x00007fb2200b36f0 10108       1       org.eclipse.core.internal.resources.WorkspaceRoot::getParent (2 bytes)
Event: 274.815 Thread 0x00007fb2200b36f0 nmethod 10108 0x00007fb20f1fac90 code [0x00007fb20f1fae20, 0x00007fb20f1faef0]
Event: 281.096 Thread 0x00007fb2200b21e0 nmethod 10103 0x00007fb20f1faf90 code [0x00007fb20f1fb100, 0x00007fb20f1fb170]
Event: 281.096 Thread 0x00007fb2200b21e0 10105       4       java.io.DataOutputStream::writeUTF (411 bytes)
Event: 282.802 Thread 0x00007fb2200b21e0 nmethod 10105 0x00007fb20f1fb290 code [0x00007fb20f1fb440, 0x00007fb20f1fbcd0]
Event: 282.802 Thread 0x00007fb2200b21e0 10109       4       org.eclipse.jdt.internal.core.Openable::<init> (6 bytes)
Event: 284.295 Thread 0x00007fb2200b21e0 nmethod 10109 0x00007fb20f1fc190 code [0x00007fb20f1fc360, 0x00007fb20f1fc458]
Event: 304.460 Thread 0x00007fb2200b36f0 10110       3       jdk.internal.misc.Unsafe::putReferenceOpaque (9 bytes)
Event: 304.461 Thread 0x00007fb2200b36f0 nmethod 10110 0x00007fb208a66490 code [0x00007fb208a66620, 0x00007fb208a66750]
Event: 304.461 Thread 0x00007fb2200b21e0 10111       4       java.lang.AbstractStringBuilder::append (63 bytes)
Event: 309.094 Thread 0x00007fb2200b36f0 10112       3       sun.invoke.util.VerifyAccess::getClassModifiers (24 bytes)
Event: 309.094 Thread 0x00007fb2200b36f0 nmethod 10112 0x00007fb208a66810 code [0x00007fb208a669e0, 0x00007fb208a66c30]
Event: 333.994 Thread 0x00007fb2200b36f0 10113       3       java.util.logging.LogManager::getProperty (9 bytes)
Event: 337.498 Thread 0x00007fb2200b36f0 nmethod 10113 0x00007fb208a66d10 code [0x00007fb208a66ec0, 0x00007fb208a671e0]
Event: 340.674 Thread 0x00007fb2200b36f0 10114       3       org.eclipse.core.runtime.SubMonitor::isCanceled (20 bytes)
Event: 342.217 Thread 0x00007fb2200b36f0 nmethod 10114 0x00007fb208a67290 code [0x00007fb208a67440, 0x00007fb208a67840]
Event: 369.113 Thread 0x00007fb2200b36f0 10115       3       java.lang.invoke.LambdaFormEditor::bindArgumentType (101 bytes)
Event: 376.517 Thread 0x00007fb2200b36f0 nmethod 10115 0x00007fb208a67990 code [0x00007fb208a67b40, 0x00007fb208a67ec0]

GC Heap History (20 events):
Event: 364.721 GC heap before
{Heap before GC invocations=329 (full 178):
 PSYoungGen      total 53760K, used 38912K [0x00000000f5580000, 0x00000000f9a00000, 0x0000000100000000)
  eden space 38912K, 100% used [0x00000000f5580000,0x00000000f7b80000,0x00000000f7b80000)
  from space 14848K, 0% used [0x00000000f7b80000,0x00000000f7b80000,0x00000000f8a00000)
  to   space 14336K, 0% used [0x00000000f8a00000,0x00000000f8a00000,0x00000000f9800000)
 ParOldGen       total 349696K, used 349695K [0x00000000e0000000, 0x00000000f5580000, 0x00000000f5580000)
  object space 349696K, 99% used [0x00000000e0000000,0x00000000f557ffc8,0x00000000f5580000)
 Metaspace       used 62424K, committed 63616K, reserved 1114112K
  class space    used 6121K, committed 6592K, reserved 1048576K
}
Event: 366.218 GC heap after
{Heap after GC invocations=329 (full 178):
 PSYoungGen      total 53248K, used 38912K [0x00000000f5580000, 0x00000000f9a00000, 0x0000000100000000)
  eden space 38912K, 100% used [0x00000000f5580000,0x00000000f7b80000,0x00000000f7b80000)
  from space 14336K, 0% used [0x00000000f8a00000,0x00000000f8a00000,0x00000000f9800000)
  to   space 14848K, 0% used [0x00000000f7b80000,0x00000000f7b80000,0x00000000f8a00000)
 ParOldGen       total 349696K, used 349695K [0x00000000e0000000, 0x00000000f5580000, 0x00000000f5580000)
  object space 349696K, 99% used [0x00000000e0000000,0x00000000f557fd00,0x00000000f5580000)
 Metaspace       used 62424K, committed 63616K, reserved 1114112K
  class space    used 6121K, committed 6592K, reserved 1048576K
}
Event: 366.266 GC heap before
{Heap before GC invocations=330 (full 179):
 PSYoungGen      total 53248K, used 38912K [0x00000000f5580000, 0x00000000f9a00000, 0x0000000100000000)
  eden space 38912K, 100% used [0x00000000f5580000,0x00000000f7b80000,0x00000000f7b80000)
  from space 14336K, 0% used [0x00000000f8a00000,0x00000000f8a00000,0x00000000f9800000)
  to   space 14848K, 0% used [0x00000000f7b80000,0x00000000f7b80000,0x00000000f8a00000)
 ParOldGen       total 349696K, used 349695K [0x00000000e0000000, 0x00000000f5580000, 0x00000000f5580000)
  object space 349696K, 99% used [0x00000000e0000000,0x00000000f557ff28,0x00000000f5580000)
 Metaspace       used 62424K, committed 63616K, reserved 1114112K
  class space    used 6121K, committed 6592K, reserved 1048576K
}
Event: 367.614 GC heap after
{Heap after GC invocations=330 (full 179):
 PSYoungGen      total 53760K, used 38911K [0x00000000f5580000, 0x00000000f9a00000, 0x0000000100000000)
  eden space 38912K, 99% used [0x00000000f5580000,0x00000000f7b7ffb8,0x00000000f7b80000)
  from space 14848K, 0% used [0x00000000f7b80000,0x00000000f7b80000,0x00000000f8a00000)
  to   space 14336K, 0% used [0x00000000f8a00000,0x00000000f8a00000,0x00000000f9800000)
 ParOldGen       total 349696K, used 349695K [0x00000000e0000000, 0x00000000f5580000, 0x00000000f5580000)
  object space 349696K, 99% used [0x00000000e0000000,0x00000000f557fd18,0x00000000f5580000)
 Metaspace       used 62424K, committed 63616K, reserved 1114112K
  class space    used 6121K, committed 6592K, reserved 1048576K
}
Event: 367.614 GC heap before
{Heap before GC invocations=331 (full 180):
 PSYoungGen      total 53760K, used 38911K [0x00000000f5580000, 0x00000000f9a00000, 0x0000000100000000)
  eden space 38912K, 99% used [0x00000000f5580000,0x00000000f7b7fff0,0x00000000f7b80000)
  from space 14848K, 0% used [0x00000000f7b80000,0x00000000f7b80000,0x00000000f8a00000)
  to   space 14336K, 0% used [0x00000000f8a00000,0x00000000f8a00000,0x00000000f9800000)
 ParOldGen       total 349696K, used 349695K [0x00000000e0000000, 0x00000000f5580000, 0x00000000f5580000)
  object space 349696K, 99% used [0x00000000e0000000,0x00000000f557fd18,0x00000000f5580000)
 Metaspace       used 62424K, committed 63616K, reserved 1114112K
  class space    used 6121K, committed 6592K, reserved 1048576K
}
Event: 369.113 GC heap after
{Heap after GC invocations=331 (full 180):
 PSYoungGen      total 53248K, used 38911K [0x00000000f5580000, 0x00000000f9a00000, 0x0000000100000000)
  eden space 38912K, 99% used [0x00000000f5580000,0x00000000f7b7fff0,0x00000000f7b80000)
  from space 14336K, 0% used [0x00000000f8a00000,0x00000000f8a00000,0x00000000f9800000)
  to   space 14848K, 0% used [0x00000000f7b80000,0x00000000f7b80000,0x00000000f8a00000)
 ParOldGen       total 349696K, used 349695K [0x00000000e0000000, 0x00000000f5580000, 0x00000000f5580000)
  object space 349696K, 99% used [0x00000000e0000000,0x00000000f557fd18,0x00000000f5580000)
 Metaspace       used 62424K, committed 63616K, reserved 1114112K
  class space    used 6121K, committed 6592K, reserved 1048576K
}
Event: 369.113 GC heap before
{Heap before GC invocations=332 (full 181):
 PSYoungGen      total 53248K, used 38912K [0x00000000f5580000, 0x00000000f9a00000, 0x0000000100000000)
  eden space 38912K, 100% used [0x00000000f5580000,0x00000000f7b80000,0x00000000f7b80000)
  from space 14336K, 0% used [0x00000000f8a00000,0x00000000f8a00000,0x00000000f9800000)
  to   space 14848K, 0% used [0x00000000f7b80000,0x00000000f7b80000,0x00000000f8a00000)
 ParOldGen       total 349696K, used 349695K [0x00000000e0000000, 0x00000000f5580000, 0x00000000f5580000)
  object space 349696K, 99% used [0x00000000e0000000,0x00000000f557ffd0,0x00000000f5580000)
 Metaspace       used 62424K, committed 63616K, reserved 1114112K
  class space    used 6121K, committed 6592K, reserved 1048576K
}
Event: 370.515 GC heap after
{Heap after GC invocations=332 (full 181):
 PSYoungGen      total 53760K, used 38911K [0x00000000f5580000, 0x00000000f9a00000, 0x0000000100000000)
  eden space 38912K, 99% used [0x00000000f5580000,0x00000000f7b7ffe8,0x00000000f7b80000)
  from space 14848K, 0% used [0x00000000f7b80000,0x00000000f7b80000,0x00000000f8a00000)
  to   space 14336K, 0% used [0x00000000f8a00000,0x00000000f8a00000,0x00000000f9800000)
 ParOldGen       total 349696K, used 349695K [0x00000000e0000000, 0x00000000f5580000, 0x00000000f5580000)
  object space 349696K, 99% used [0x00000000e0000000,0x00000000f557fee8,0x00000000f5580000)
 Metaspace       used 62424K, committed 63616K, reserved 1114112K
  class space    used 6121K, committed 6592K, reserved 1048576K
}
Event: 370.515 GC heap before
{Heap before GC invocations=333 (full 182):
 PSYoungGen      total 53760K, used 38912K [0x00000000f5580000, 0x00000000f9a00000, 0x0000000100000000)
  eden space 38912K, 100% used [0x00000000f5580000,0x00000000f7b80000,0x00000000f7b80000)
  from space 14848K, 0% used [0x00000000f7b80000,0x00000000f7b80000,0x00000000f8a00000)
  to   space 14336K, 0% used [0x00000000f8a00000,0x00000000f8a00000,0x00000000f9800000)
 ParOldGen       total 349696K, used 349695K [0x00000000e0000000, 0x00000000f5580000, 0x00000000f5580000)
  object space 349696K, 99% used [0x00000000e0000000,0x00000000f557ff30,0x00000000f5580000)
 Metaspace       used 62426K, committed 63680K, reserved 1114112K
  class space    used 6121K, committed 6592K, reserved 1048576K
}
Event: 372.055 GC heap after
{Heap after GC invocations=333 (full 182):
 PSYoungGen      total 53248K, used 38912K [0x00000000f5580000, 0x00000000f9a00000, 0x0000000100000000)
  eden space 38912K, 100% used [0x00000000f5580000,0x00000000f7b80000,0x00000000f7b80000)
  from space 14336K, 0% used [0x00000000f8a00000,0x00000000f8a00000,0x00000000f9800000)
  to   space 14848K, 0% used [0x00000000f7b80000,0x00000000f7b80000,0x00000000f8a00000)
 ParOldGen       total 349696K, used 349695K [0x00000000e0000000, 0x00000000f5580000, 0x00000000f5580000)
  object space 349696K, 99% used [0x00000000e0000000,0x00000000f557fed0,0x00000000f5580000)
 Metaspace       used 62426K, committed 63680K, reserved 1114112K
  class space    used 6121K, committed 6592K, reserved 1048576K
}
Event: 372.055 GC heap before
{Heap before GC invocations=334 (full 183):
 PSYoungGen      total 53248K, used 38912K [0x00000000f5580000, 0x00000000f9a00000, 0x0000000100000000)
  eden space 38912K, 100% used [0x00000000f5580000,0x00000000f7b80000,0x00000000f7b80000)
  from space 14336K, 0% used [0x00000000f8a00000,0x00000000f8a00000,0x00000000f9800000)
  to   space 14848K, 0% used [0x00000000f7b80000,0x00000000f7b80000,0x00000000f8a00000)
 ParOldGen       total 349696K, used 349695K [0x00000000e0000000, 0x00000000f5580000, 0x00000000f5580000)
  object space 349696K, 99% used [0x00000000e0000000,0x00000000f557fed0,0x00000000f5580000)
 Metaspace       used 62426K, committed 63680K, reserved 1114112K
  class space    used 6121K, committed 6592K, reserved 1048576K
}
Event: 373.588 GC heap after
{Heap after GC invocations=334 (full 183):
 PSYoungGen      total 53760K, used 38912K [0x00000000f5580000, 0x00000000f9a00000, 0x0000000100000000)
  eden space 38912K, 100% used [0x00000000f5580000,0x00000000f7b80000,0x00000000f7b80000)
  from space 14848K, 0% used [0x00000000f7b80000,0x00000000f7b80000,0x00000000f8a00000)
  to   space 14336K, 0% used [0x00000000f8a00000,0x00000000f8a00000,0x00000000f9800000)
 ParOldGen       total 349696K, used 349695K [0x00000000e0000000, 0x00000000f5580000, 0x00000000f5580000)
  object space 349696K, 99% used [0x00000000e0000000,0x00000000f557fed0,0x00000000f5580000)
 Metaspace       used 62426K, committed 63680K, reserved 1114112K
  class space    used 6121K, committed 6592K, reserved 1048576K
}
Event: 373.589 GC heap before
{Heap before GC invocations=335 (full 184):
 PSYoungGen      total 53760K, used 38912K [0x00000000f5580000, 0x00000000f9a00000, 0x0000000100000000)
  eden space 38912K, 100% used [0x00000000f5580000,0x00000000f7b80000,0x00000000f7b80000)
  from space 14848K, 0% used [0x00000000f7b80000,0x00000000f7b80000,0x00000000f8a00000)
  to   space 14336K, 0% used [0x00000000f8a00000,0x00000000f8a00000,0x00000000f9800000)
 ParOldGen       total 349696K, used 349695K [0x00000000e0000000, 0x00000000f5580000, 0x00000000f5580000)
  object space 349696K, 99% used [0x00000000e0000000,0x00000000f557fed0,0x00000000f5580000)
 Metaspace       used 62428K, committed 63680K, reserved 1114112K
  class space    used 6121K, committed 6592K, reserved 1048576K
}
Event: 375.092 GC heap after
{Heap after GC invocations=335 (full 184):
 PSYoungGen      total 53248K, used 38912K [0x00000000f5580000, 0x00000000f9a00000, 0x0000000100000000)
  eden space 38912K, 100% used [0x00000000f5580000,0x00000000f7b80000,0x00000000f7b80000)
  from space 14336K, 0% used [0x00000000f8a00000,0x00000000f8a00000,0x00000000f9800000)
  to   space 14848K, 0% used [0x00000000f7b80000,0x00000000f7b80000,0x00000000f8a00000)
 ParOldGen       total 349696K, used 349695K [0x00000000e0000000, 0x00000000f5580000, 0x00000000f5580000)
  object space 349696K, 99% used [0x00000000e0000000,0x00000000f557fc00,0x00000000f5580000)
 Metaspace       used 62428K, committed 63680K, reserved 1114112K
  class space    used 6121K, committed 6592K, reserved 1048576K
}
Event: 375.094 GC heap before
{Heap before GC invocations=336 (full 185):
 PSYoungGen      total 53248K, used 38912K [0x00000000f5580000, 0x00000000f9a00000, 0x0000000100000000)
  eden space 38912K, 100% used [0x00000000f5580000,0x00000000f7b80000,0x00000000f7b80000)
  from space 14336K, 0% used [0x00000000f8a00000,0x00000000f8a00000,0x00000000f9800000)
  to   space 14848K, 0% used [0x00000000f7b80000,0x00000000f7b80000,0x00000000f8a00000)
 ParOldGen       total 349696K, used 349696K [0x00000000e0000000, 0x00000000f5580000, 0x00000000f5580000)
  object space 349696K, 100% used [0x00000000e0000000,0x00000000f5580000,0x00000000f5580000)
 Metaspace       used 62428K, committed 63680K, reserved 1114112K
  class space    used 6121K, committed 6592K, reserved 1048576K
}
Event: 376.517 GC heap after
{Heap after GC invocations=336 (full 185):
 PSYoungGen      total 53760K, used 38912K [0x00000000f5580000, 0x00000000f9a00000, 0x0000000100000000)
  eden space 38912K, 100% used [0x00000000f5580000,0x00000000f7b80000,0x00000000f7b80000)
  from space 14848K, 0% used [0x00000000f7b80000,0x00000000f7b80000,0x00000000f8a00000)
  to   space 14336K, 0% used [0x00000000f8a00000,0x00000000f8a00000,0x00000000f9800000)
 ParOldGen       total 349696K, used 349695K [0x00000000e0000000, 0x00000000f5580000, 0x00000000f5580000)
  object space 349696K, 99% used [0x00000000e0000000,0x00000000f557fde8,0x00000000f5580000)
 Metaspace       used 62428K, committed 63680K, reserved 1114112K
  class space    used 6121K, committed 6592K, reserved 1048576K
}
Event: 376.565 GC heap before
{Heap before GC invocations=337 (full 186):
 PSYoungGen      total 53760K, used 38912K [0x00000000f5580000, 0x00000000f9a00000, 0x0000000100000000)
  eden space 38912K, 100% used [0x00000000f5580000,0x00000000f7b80000,0x00000000f7b80000)
  from space 14848K, 0% used [0x00000000f7b80000,0x00000000f7b80000,0x00000000f8a00000)
  to   space 14336K, 0% used [0x00000000f8a00000,0x00000000f8a00000,0x00000000f9800000)
 ParOldGen       total 349696K, used 349695K [0x00000000e0000000, 0x00000000f5580000, 0x00000000f5580000)
  object space 349696K, 99% used [0x00000000e0000000,0x00000000f557ffa8,0x00000000f5580000)
 Metaspace       used 62428K, committed 63680K, reserved 1114112K
  class space    used 6121K, committed 6592K, reserved 1048576K
}
Event: 378.075 GC heap after
{Heap after GC invocations=337 (full 186):
 PSYoungGen      total 53248K, used 38912K [0x00000000f5580000, 0x00000000f9a00000, 0x0000000100000000)
  eden space 38912K, 100% used [0x00000000f5580000,0x00000000f7b80000,0x00000000f7b80000)
  from space 14336K, 0% used [0x00000000f8a00000,0x00000000f8a00000,0x00000000f9800000)
  to   space 14848K, 0% used [0x00000000f7b80000,0x00000000f7b80000,0x00000000f8a00000)
 ParOldGen       total 349696K, used 349695K [0x00000000e0000000, 0x00000000f5580000, 0x00000000f5580000)
  object space 349696K, 99% used [0x00000000e0000000,0x00000000f557fdc8,0x00000000f5580000)
 Metaspace       used 62428K, committed 63680K, reserved 1114112K
  class space    used 6121K, committed 6592K, reserved 1048576K
}
Event: 378.075 GC heap before
{Heap before GC invocations=338 (full 187):
 PSYoungGen      total 53248K, used 38912K [0x00000000f5580000, 0x00000000f9a00000, 0x0000000100000000)
  eden space 38912K, 100% used [0x00000000f5580000,0x00000000f7b80000,0x00000000f7b80000)
  from space 14336K, 0% used [0x00000000f8a00000,0x00000000f8a00000,0x00000000f9800000)
  to   space 14848K, 0% used [0x00000000f7b80000,0x00000000f7b80000,0x00000000f8a00000)
 ParOldGen       total 349696K, used 349695K [0x00000000e0000000, 0x00000000f5580000, 0x00000000f5580000)
  object space 349696K, 99% used [0x00000000e0000000,0x00000000f557fdc8,0x00000000f5580000)
 Metaspace       used 62428K, committed 63680K, reserved 1114112K
  class space    used 6121K, committed 6592K, reserved 1048576K
}
Event: 379.521 GC heap after
{Heap after GC invocations=338 (full 187):
 PSYoungGen      total 53760K, used 38912K [0x00000000f5580000, 0x00000000f9a00000, 0x0000000100000000)
  eden space 38912K, 100% used [0x00000000f5580000,0x00000000f7b80000,0x00000000f7b80000)
  from space 14848K, 0% used [0x00000000f7b80000,0x00000000f7b80000,0x00000000f8a00000)
  to   space 14336K, 0% used [0x00000000f8a00000,0x00000000f8a00000,0x00000000f9800000)
 ParOldGen       total 349696K, used 349695K [0x00000000e0000000, 0x00000000f5580000, 0x00000000f5580000)
  object space 349696K, 99% used [0x00000000e0000000,0x00000000f557fdc8,0x00000000f5580000)
 Metaspace       used 62428K, committed 63680K, reserved 1114112K
  class space    used 6121K, committed 6592K, reserved 1048576K
}

Dll operation events (9 events):
Event: 0.015 Loaded shared library /nix/store/gpxl5qgg8kicmcvivwmybwjlpf7wh20l-graalvm17-ce-22.3.0/lib/libjava.so
Event: 0.031 Loaded shared library /nix/store/gpxl5qgg8kicmcvivwmybwjlpf7wh20l-graalvm17-ce-22.3.0/lib/libjsvml.so
Event: 0.384 Loaded shared library /nix/store/gpxl5qgg8kicmcvivwmybwjlpf7wh20l-graalvm17-ce-22.3.0/lib/libnio.so
Event: 0.388 Loaded shared library /nix/store/gpxl5qgg8kicmcvivwmybwjlpf7wh20l-graalvm17-ce-22.3.0/lib/libzip.so
Event: 0.391 Loaded shared library /nix/store/gpxl5qgg8kicmcvivwmybwjlpf7wh20l-graalvm17-ce-22.3.0/lib/libjvmcicompiler.so
Event: 0.962 Loaded shared library /nix/store/gpxl5qgg8kicmcvivwmybwjlpf7wh20l-graalvm17-ce-22.3.0/lib/libjimage.so
Event: 1.517 Loaded shared library /nix/store/gpxl5qgg8kicmcvivwmybwjlpf7wh20l-graalvm17-ce-22.3.0/lib/libnet.so
Event: 5.351 Loaded shared library /home/runner/.cache/jdt-language-server/config/org.eclipse.equinox.launcher/org.eclipse.equinox.launcher.gtk.linux.x86_64_1.2.400.v20211117-0650/eclipse_11600.so
Event: 15.614 Loaded shared library /nix/store/gpxl5qgg8kicmcvivwmybwjlpf7wh20l-graalvm17-ce-22.3.0/lib/libextnet.so

Deoptimization events (20 events):
Event: 75.176 Thread 0x00007fb1b4480f70 DEOPT PACKING pc=0x00007fb208a63585 sp=0x00007fb1cc9fe530
Event: 75.176 Thread 0x00007fb1b4480f70 DEOPT UNPACKING pc=0x00007fb207505325 sp=0x00007fb1cc9fda20 mode 0
Event: 75.179 Thread 0x00007fb1b4480f70 DEOPT PACKING pc=0x00007fb208a63585 sp=0x00007fb1cc9fe530
Event: 75.179 Thread 0x00007fb1b4480f70 DEOPT UNPACKING pc=0x00007fb207505325 sp=0x00007fb1cc9fda20 mode 0
Event: 75.181 Thread 0x00007fb1b4480f70 DEOPT PACKING pc=0x00007fb208a63585 sp=0x00007fb1cc9fe530
Event: 75.181 Thread 0x00007fb1b4480f70 DEOPT UNPACKING pc=0x00007fb207505325 sp=0x00007fb1cc9fda20 mode 0
Event: 75.260 Thread 0x00007fb1b4480f70 DEOPT PACKING pc=0x00007fb208a63585 sp=0x00007fb1cc9fe530
Event: 75.260 Thread 0x00007fb1b4480f70 DEOPT UNPACKING pc=0x00007fb207505325 sp=0x00007fb1cc9fda20 mode 0
Event: 75.262 Thread 0x00007fb1b4480f70 DEOPT PACKING pc=0x00007fb208a63585 sp=0x00007fb1cc9fe530
Event: 75.262 Thread 0x00007fb1b4480f70 DEOPT UNPACKING pc=0x00007fb207505325 sp=0x00007fb1cc9fda20 mode 0
Event: 75.265 Thread 0x00007fb1b4480f70 DEOPT PACKING pc=0x00007fb208a63585 sp=0x00007fb1cc9fe530
Event: 75.265 Thread 0x00007fb1b4480f70 DEOPT UNPACKING pc=0x00007fb207505325 sp=0x00007fb1cc9fda20 mode 0
Event: 75.275 Thread 0x00007fb1b4480f70 DEOPT PACKING pc=0x00007fb208a63585 sp=0x00007fb1cc9fe530
Event: 75.275 Thread 0x00007fb1b4480f70 DEOPT UNPACKING pc=0x00007fb207505325 sp=0x00007fb1cc9fda20 mode 0
Event: 75.279 Thread 0x00007fb1b4480f70 DEOPT PACKING pc=0x00007fb208a63585 sp=0x00007fb1cc9fe530
Event: 75.279 Thread 0x00007fb1b4480f70 DEOPT UNPACKING pc=0x00007fb207505325 sp=0x00007fb1cc9fda20 mode 0
Event: 373.589 Thread 0x00007fb2200b21e0 Uncommon trap: trap_request=0xffffff8f fr.pc=0x00007fb20f1fbcbe relative=0x000000000000087e
Event: 373.589 Thread 0x00007fb2200b21e0 Uncommon trap: reason=constraint action=none pc=0x00007fb20f1fbcbe method=java.io.DataOutputStream.writeUTF(Ljava/lang/String;Ljava/io/DataOutput;)I @ 116 jvmci
Event: 373.589 Thread 0x00007fb2200b21e0 DEOPT PACKING pc=0x00007fb20f1fbcbe sp=0x00007fb2058fdfe0
Event: 373.589 Thread 0x00007fb2200b21e0 DEOPT UNPACKING pc=0x00007fb207505325 sp=0x00007fb2058fd458 mode 3

Classes unloaded (20 events):
Event: 85.582 Thread 0x00007fb2200a1c10 Unloading class 0x0000000800ef4000 'jdk/internal/reflect/GeneratedConstructorAccessor8'
Event: 85.582 Thread 0x00007fb2200a1c10 Unloading class 0x0000000800d99000 'java/lang/invoke/LambdaForm$MH+0x0000000800d99000'
Event: 85.582 Thread 0x00007fb2200a1c10 Unloading class 0x0000000800d98c00 'java/lang/invoke/LambdaForm$MH+0x0000000800d98c00'
Event: 85.582 Thread 0x00007fb2200a1c10 Unloading class 0x0000000800d98800 'java/lang/invoke/LambdaForm$MH+0x0000000800d98800'
Event: 85.582 Thread 0x00007fb2200a1c10 Unloading class 0x0000000800d98400 'java/lang/invoke/LambdaForm$MH+0x0000000800d98400'
Event: 85.582 Thread 0x00007fb2200a1c10 Unloading class 0x0000000800d98000 'jdk/internal/reflect/GeneratedConstructorAccessor3'
Event: 85.582 Thread 0x00007fb2200a1c10 Unloading class 0x0000000800d06800 'java/lang/invoke/LambdaForm$MH+0x0000000800d06800'
Event: 85.582 Thread 0x00007fb2200a1c10 Unloading class 0x0000000800d06000 'java/lang/invoke/LambdaForm$MH+0x0000000800d06000'
Event: 85.582 Thread 0x00007fb2200a1c10 Unloading class 0x0000000800d05c00 'java/lang/invoke/LambdaForm$MH+0x0000000800d05c00'
Event: 85.582 Thread 0x00007fb2200a1c10 Unloading class 0x0000000800d05800 'java/lang/invoke/LambdaForm$MH+0x0000000800d05800'
Event: 85.582 Thread 0x00007fb2200a1c10 Unloading class 0x0000000800d05000 'java/lang/invoke/LambdaForm$MH+0x0000000800d05000'
Event: 85.582 Thread 0x00007fb2200a1c10 Unloading class 0x0000000800d04c00 'java/lang/invoke/LambdaForm$MH+0x0000000800d04c00'
Event: 85.582 Thread 0x00007fb2200a1c10 Unloading class 0x0000000800d04800 'java/lang/invoke/LambdaForm$MH+0x0000000800d04800'
Event: 85.582 Thread 0x00007fb2200a1c10 Unloading class 0x0000000800d04000 'java/lang/invoke/LambdaForm$MH+0x0000000800d04000'
Event: 85.582 Thread 0x00007fb2200a1c10 Unloading class 0x0000000800c1d000 'jdk/internal/reflect/GeneratedMethodAccessor5'
Event: 85.582 Thread 0x00007fb2200a1c10 Unloading class 0x0000000800c1cc00 'jdk/internal/reflect/GeneratedMethodAccessor4'
Event: 85.582 Thread 0x00007fb2200a1c10 Unloading class 0x0000000800c1c800 'jdk/internal/reflect/GeneratedMethodAccessor3'
Event: 85.582 Thread 0x00007fb2200a1c10 Unloading class 0x0000000800c1c400 'jdk/internal/reflect/GeneratedMethodAccessor2'
Event: 85.582 Thread 0x00007fb2200a1c10 Unloading class 0x0000000800c1c000 'jdk/internal/reflect/GeneratedMethodAccessor1'
Event: 85.582 Thread 0x00007fb2200a1c10 Unloading class 0x0000000800c01c00 'java/lang/invoke/LambdaForm$DMH+0x0000000800c01c00'

Classes redefined (0 events):
No events

Internal exceptions (20 events):
Event: 46.368 Thread 0x00007fb1980f09e0 Exception <a 'java/lang/NoSuchMethodError'{0x00000000f5afe460}: 'java.lang.Object java.lang.invoke.DirectMethodHandle$Holder.newInvokeSpecial(java.lang.Object, java.lang.Object, int, java.lang.Object, java.lang.Object)'> (0x00000000f5afe460) 
thrown [src/hotspot/share/interpreter/linkResolver.cpp, line 758]
Event: 46.369 Thread 0x00007fb1980f09e0 Exception <a 'java/lang/NoSuchMethodError'{0x00000000f5b02ad0}: 'java.lang.Object java.lang.invoke.DirectMethodHandle$Holder.invokeSpecial(java.lang.Object, java.lang.Object, java.lang.Object, int, java.lang.Object, java.lang.Object)'> (0x00000000f5b02ad0) 
thrown [src/hotspot/share/interpreter/linkResolver.cpp, line 758]
Event: 46.466 Thread 0x00007fb1980f09e0 Implicit null exception at 0x00007fb20f15a330 to 0x00007fb20f15a57a
Event: 46.570 Thread 0x00007fb1980f09e0 Exception <a 'java/lang/NoSuchMethodError'{0x00000000f5d285e8}: 'java.lang.Object java.lang.invoke.DirectMethodHandle$Holder.newInvokeSpecial(java.lang.Object, java.lang.Object, java.lang.Object, int, java.lang.Object)'> (0x00000000f5d285e8) 
thrown [src/hotspot/share/interpreter/linkResolver.cpp, line 758]
Event: 46.570 Thread 0x00007fb1980f09e0 Exception <a 'java/lang/NoSuchMethodError'{0x00000000f5d2c9d8}: 'java.lang.Object java.lang.invoke.DirectMethodHandle$Holder.invokeSpecial(java.lang.Object, java.lang.Object, java.lang.Object, java.lang.Object, int, java.lang.Object)'> (0x00000000f5d2c9d8) 
thrown [src/hotspot/share/interpreter/linkResolver.cpp, line 758]
Event: 46.571 Thread 0x00007fb1980f09e0 Exception <a 'java/lang/NoSuchMethodError'{0x00000000f5d304c0}: 'java.lang.Object java.lang.invoke.Invokers$Holder.linkToTargetMethod(java.lang.Object, java.lang.Object, int, java.lang.Object, java.lang.Object)'> (0x00000000f5d304c0) 
thrown [src/hotspot/share/interpreter/linkResolver.cpp, line 758]
Event: 47.761 Thread 0x00007fb1a80010d0 Implicit null exception at 0x00007fb20f166a22 to 0x00007fb20f166db2
Event: 48.461 Thread 0x00007fb1a80010d0 Implicit null exception at 0x00007fb20f0cf269 to 0x00007fb20f0cf41b
Event: 59.381 Thread 0x00007fb1b014a0e0 Exception <a 'java/lang/NoSuchMethodError'{0x00000000f5913088}: 'void java.lang.invoke.DirectMethodHandle$Holder.invokeSpecial(java.lang.Object, java.lang.Object, int)'> (0x00000000f5913088) 
thrown [src/hotspot/share/interpreter/linkResolver.cpp, line 758]
Event: 61.470 Thread 0x00007fb1b014a0e0 Exception <a 'java/lang/NoSuchMethodError'{0x00000000f5865838}: 'java.lang.Object java.lang.invoke.DirectMethodHandle$Holder.invokeSpecial(java.lang.Object, java.lang.Object, int, java.lang.Object, java.lang.Object, java.lang.Object, java.lang.Object, java.lang.Object)'> (0x00000000f5865838) 
thrown [src/hotspot/share/interpreter/linkResolver.cpp, line 758]
Event: 61.471 Thread 0x00007fb1b014a0e0 Exception <a 'java/lang/NoSuchMethodError'{0x00000000f58e30f8}: 'java.lang.Object java.lang.invoke.DirectMethodHandle$Holder.newInvokeSpecial(java.lang.Object, java.lang.Object, int, java.lang.Object, java.lang.Object, java.lang.Object, java.lang.Object)'> (0x00000000f58e30f8) 
thrown [src/hotspot/share/interpreter/linkResolver.cpp, line 758]
Event: 62.909 Thread 0x00007fb1b0114ec0 Exception <a 'java/lang/NoSuchMethodError'{0x00000000f59e4f58}: 'java.lang.Object java.lang.invoke.DirectMethodHandle$Holder.invokeStatic(java.lang.Object, int, java.lang.Object, java.lang.Object, java.lang.Object, java.lang.Object)'> (0x00000000f59e4f58) 
thrown [src/hotspot/share/interpreter/linkResolver.cpp, line 758]
Event: 62.910 Thread 0x00007fb1b0114ec0 Exception <a 'java/lang/NoSuchMethodError'{0x00000000f5a9c8c0}: 'java.lang.Object java.lang.invoke.DirectMethodHandle$Holder.newInvokeSpecial(java.lang.Object, int, java.lang.Object, java.lang.Object, java.lang.Object)'> (0x00000000f5a9c8c0) 
thrown [src/hotspot/share/interpreter/linkResolver.cpp, line 758]
Event: 63.681 Thread 0x00007fb1b0114ec0 Exception <a 'java/lang/NoSuchMethodError'{0x00000000f61fb618}: 'int java.lang.invoke.DirectMethodHandle$Holder.invokeSpecialIFC(java.lang.Object, java.lang.Object, java.lang.Object, java.lang.Object)'> (0x00000000f61fb618) 
thrown [src/hotspot/share/interpreter/linkResolver.cpp, line 758]
Event: 63.682 Thread 0x00007fb1b014a0e0 Exception <a 'java/lang/NoSuchMethodError'{0x00000000f6203350}: 'int java.lang.invoke.DirectMethodHandle$Holder.invokeSpecialIFC(java.lang.Object, java.lang.Object, java.lang.Object, java.lang.Object)'> (0x00000000f6203350) 
thrown [src/hotspot/share/interpreter/linkResolver.cpp, line 758]
Event: 266.892 Thread 0x00007fb2204b9710 Exception <a 'java/lang/OutOfMemoryError'{0x00000000e0004290}> (0x00000000e0004290) 
thrown [src/hotspot/share/gc/shared/memAllocator.cpp, line 136]
Event: 268.474 Thread 0x00007fb2204b9710 Exception <a 'java/lang/reflect/InvocationTargetException'{0x00000000f7b7fd00}> (0x00000000f7b7fd00) 
thrown [src/hotspot/share/runtime/reflection.cpp, line 1119]
Event: 373.589 Thread 0x00007fb2200b21e0 Exception <a 'java/lang/OutOfMemoryError'{0x00000000e0004830}> (0x00000000e0004830) 
thrown [src/hotspot/share/gc/shared/memAllocator.cpp, line 138]
Event: 373.589 Thread 0x00007fb2200b21e0 Implicit null exception at 0x00007fb20f1fb93d to 0x00007fb20f1fbca3
Event: 379.521 Thread 0x00007fb2200b21e0 Exception <a 'java/lang/OutOfMemoryError'{0x00000000e0004880}> (0x00000000e0004880) 
thrown [src/hotspot/share/gc/shared/memAllocator.cpp, line 136]

VM Operations (20 events):
Event: 361.613 Executing VM operation: ParallelGCFailedAllocation
Event: 363.097 Executing VM operation: ParallelGCFailedAllocation done
Event: 363.097 Executing VM operation: ParallelGCFailedAllocation
Event: 364.721 Executing VM operation: ParallelGCFailedAllocation done
Event: 364.721 Executing VM operation: ParallelGCFailedAllocation
Event: 366.263 Executing VM operation: ParallelGCFailedAllocation done
Event: 366.266 Executing VM operation: ParallelGCFailedAllocation
Event: 367.614 Executing VM operation: ParallelGCFailedAllocation done
Event: 367.614 Executing VM operation: ParallelGCFailedAllocation
Event: 369.113 Executing VM operation: ParallelGCFailedAllocation done
Event: 369.113 Executing VM operation: ParallelGCFailedAllocation
Event: 370.515 Executing VM operation: ParallelGCFailedAllocation done
Event: 370.515 Executing VM operation: ParallelGCFailedAllocation
Event: 373.588 Executing VM operation: ParallelGCFailedAllocation done
Event: 373.589 Executing VM operation: ParallelGCFailedAllocation
Event: 375.093 Executing VM operation: ParallelGCFailedAllocation done
Event: 375.093 Executing VM operation: ParallelGCFailedAllocation
Event: 376.561 Executing VM operation: ParallelGCFailedAllocation done
Event: 376.562 Executing VM operation: ParallelGCFailedAllocation
Event: 379.521 Executing VM operation: ParallelGCFailedAllocation done

Events (20 events):
Event: 285.722 loading class java/util/concurrent/CompletionException
Event: 294.763 loading class java/util/concurrent/CompletionException done
Event: 294.763 loading class java/util/logging/LogRecord
Event: 294.764 loading class java/util/logging/LogRecord done
Event: 309.093 loading class java/util/logging/ConsoleHandler
Event: 309.093 loading class java/util/logging/StreamHandler
Event: 309.093 loading class java/util/logging/StreamHandler done
Event: 309.093 loading class java/util/logging/ConsoleHandler done
Event: 309.093 loading class java/util/logging/SimpleFormatter
Event: 309.093 loading class java/util/logging/Formatter
Event: 309.094 loading class java/util/logging/Formatter done
Event: 309.094 loading class java/util/logging/SimpleFormatter done
Event: 317.778 loading class jdk/internal/logger/SurrogateLogger
Event: 317.778 loading class jdk/internal/logger/SimpleConsoleLogger
Event: 317.778 loading class jdk/internal/logger/SimpleConsoleLogger done
Event: 317.778 loading class jdk/internal/logger/SurrogateLogger done
Event: 333.992 loading class jdk/internal/logger/SimpleConsoleLogger$Formatting
Event: 333.993 loading class jdk/internal/logger/SimpleConsoleLogger$Formatting done
Event: 333.993 loading class java/util/logging/ErrorManager
Event: 333.993 loading class java/util/logging/ErrorManager done


Dynamic libraries:
e0000000-f5580000 rw-p 00000000 00:00 0 
f5580000-f9a00000 rw-p 00000000 00:00 0 
f9a00000-100000000 ---p 00000000 00:00 0 
800000000-800449000 rw-p 00001000 00:1d39 4611686019135357769            /nix/store/gpxl5qgg8kicmcvivwmybwjlpf7wh20l-graalvm17-ce-22.3.0/lib/server/classes.jsa
800449000-800bc8000 r--p 0044a000 00:1d39 4611686019135357769            /nix/store/gpxl5qgg8kicmcvivwmybwjlpf7wh20l-graalvm17-ce-22.3.0/lib/server/classes.jsa
800bc8000-800c00000 ---p 00000000 00:00 0 
800c00000-800c20000 rw-p 00000000 00:00 0 
800c20000-800c40000 rw-p 00000000 00:00 0 
800c40000-800cc0000 rw-p 00000000 00:00 0 
800cc0000-800d00000 rw-p 00000000 00:00 0 
800d00000-800dc0000 rw-p 00000000 00:00 0 
800dc0000-800e00000 rw-p 00000000 00:00 0 
800e00000-800f40000 rw-p 00000000 00:00 0 
800f40000-800fc0000 rw-p 00000000 00:00 0 
800fc0000-801000000 rw-p 00000000 00:00 0 
801000000-801270000 rw-p 00000000 00:00 0 
801270000-840c00000 ---p 00000000 00:00 0 
55e332232000-55e332233000 r-xp 00000000 00:1d39 4611686019099417844      /nix/store/gpxl5qgg8kicmcvivwmybwjlpf7wh20l-graalvm17-ce-22.3.0/bin/.java-wrapped
55e332234000-55e332235000 r--p 00001000 00:1d39 4611686019099417844      /nix/store/gpxl5qgg8kicmcvivwmybwjlpf7wh20l-graalvm17-ce-22.3.0/bin/.java-wrapped
55e332235000-55e332236000 rw-p 00002000 00:1d39 4611686019099417844      /nix/store/gpxl5qgg8kicmcvivwmybwjlpf7wh20l-graalvm17-ce-22.3.0/bin/.java-wrapped
55e332236000-55e332237000 rw-p 00004000 00:1d39 4611686019099417844      /nix/store/gpxl5qgg8kicmcvivwmybwjlpf7wh20l-graalvm17-ce-22.3.0/bin/.java-wrapped
55e332237000-55e332238000 rw-p 00005000 00:1d39 4611686019099417844      /nix/store/gpxl5qgg8kicmcvivwmybwjlpf7wh20l-graalvm17-ce-22.3.0/bin/.java-wrapped
55e333d5a000-55e333da2000 rw-p 00000000 00:00 0                          [heap]
7fb150000000-7fb150091000 rw-p 00000000 00:00 0 
7fb150091000-7fb154000000 ---p 00000000 00:00 0 
7fb154000000-7fb1540e2000 rw-p 00000000 00:00 0 
7fb1540e2000-7fb158000000 ---p 00000000 00:00 0 
7fb158000000-7fb158075000 rw-p 00000000 00:00 0 
7fb158075000-7fb15c000000 ---p 00000000 00:00 0 
7fb15c000000-7fb15c03d000 rw-p 00000000 00:00 0 
7fb15c03d000-7fb160000000 ---p 00000000 00:00 0 
7fb160000000-7fb160021000 rw-p 00000000 00:00 0 
7fb160021000-7fb164000000 ---p 00000000 00:00 0 
7fb164000000-7fb164021000 rw-p 00000000 00:00 0 
7fb164021000-7fb168000000 ---p 00000000 00:00 0 
7fb168000000-7fb168021000 rw-p 00000000 00:00 0 
7fb168021000-7fb16c000000 ---p 00000000 00:00 0 
7fb16c000000-7fb16c021000 rw-p 00000000 00:00 0 
7fb16c021000-7fb170000000 ---p 00000000 00:00 0 
7fb170000000-7fb170021000 rw-p 00000000 00:00 0 
7fb170021000-7fb174000000 ---p 00000000 00:00 0 
7fb1764b3000-7fb180000000 r--s 00000000 00:1d39 4611686019135192581      /nix/store/gpxl5qgg8kicmcvivwmybwjlpf7wh20l-graalvm17-ce-22.3.0/lib/modules
7fb180000000-7fb180057000 rw-p 00000000 00:00 0 
7fb180057000-7fb184000000 ---p 00000000 00:00 0 
7fb184000000-7fb184026000 rw-p 00000000 00:00 0 
7fb184026000-7fb188000000 ---p 00000000 00:00 0 
7fb188400000-7fb188410000 rw-p 00000000 00:00 0 
7fb188410000-7fb188c00000 ---p 00000000 00:00 0 
7fb188c00000-7fb189300000 rw-p 00000000 00:00 0 
7fb189300000-7fb189400000 rw-p 00000000 00:00 0 
7fb189600000-7fb189700000 ---p 00000000 00:00 0 
7fb189700000-7fb189caf000 r--p 01122000 00:1d39 4611686019135190040      /nix/store/gpxl5qgg8kicmcvivwmybwjlpf7wh20l-graalvm17-ce-22.3.0/lib/libjvmcicompiler.so
7fb189caf000-7fb189e00000 r--p 00000000 00:00 0 
7fb189e00000-7fb189e3d000 rw-p 00000000 00:00 0 
7fb189e3d000-7fb18a35d000 rw-p 0185f000 00:1d39 4611686019135190040      /nix/store/gpxl5qgg8kicmcvivwmybwjlpf7wh20l-graalvm17-ce-22.3.0/lib/libjvmcicompiler.so
7fb18a35d000-7fb18a744000 r--p 01d7f000 00:1d39 4611686019135190040      /nix/store/gpxl5qgg8kicmcvivwmybwjlpf7wh20l-graalvm17-ce-22.3.0/lib/libjvmcicompiler.so
7fb18a800000-7fb18ab00000 rw-p 00000000 00:00 0 
7fb18ab00000-7fb18abb0000 rw-p 00000000 00:00 0 
7fb18abb0000-7fb18ac00000 ---p 00000000 00:00 0 
7fb18ac00000-7fb18ad20000 rw-p 00000000 00:00 0 
7fb18ad20000-7fb18b000000 rw-p 00000000 00:00 0 
7fb18b000000-7fb18b300000 rw-p 00000000 00:00 0 
7fb18b300000-7fb18b400000 rw-p 00000000 00:00 0 
7fb18b400000-7fb18b800000 rw-p 00000000 00:00 0 
7fb18b800000-7fb18b880000 rw-p 00000000 00:00 0 
7fb18b880000-7fb18b900000 rw-p 00000000 00:00 0 
7fb18b900000-7fb18bac0000 rw-p 00000000 00:00 0 
7fb18bac0000-7fb18bb00000 rw-p 00000000 00:00 0 
7fb18bb00000-7fb18bd00000 rw-p 00000000 00:00 0 
7fb18bd00000-7fb18be00000 rw-p 00000000 00:00 0 
7fb18be00000-7fb18c000000 rw-p 00000000 00:00 0 
7fb18c000000-7fb18c021000 rw-p 00000000 00:00 0 
7fb18c021000-7fb190000000 ---p 00000000 00:00 0 
7fb190000000-7fb1904dd000 rw-p 00000000 00:00 0 
7fb1904dd000-7fb194000000 ---p 00000000 00:00 0 
7fb194000000-7fb194021000 rw-p 00000000 00:00 0 
7fb194021000-7fb198000000 ---p 00000000 00:00 0 
7fb198000000-7fb198103000 rw-p 00000000 00:00 0 
7fb198103000-7fb19c000000 ---p 00000000 00:00 0 
7fb19c000000-7fb19c15e000 rw-p 00000000 00:00 0 
7fb19c15e000-7fb1a0000000 ---p 00000000 00:00 0 
7fb1a0000000-7fb1a0075000 rw-p 00000000 00:00 0 
7fb1a0075000-7fb1a4000000 ---p 00000000 00:00 0 
7fb1a4000000-7fb1a4021000 rw-p 00000000 00:00 0 
7fb1a4021000-7fb1a8000000 ---p 00000000 00:00 0 
7fb1a8000000-7fb1a82f4000 rw-p 00000000 00:00 0 
7fb1a82f4000-7fb1ac000000 ---p 00000000 00:00 0 
7fb1ac000000-7fb1ac021000 rw-p 00000000 00:00 0 
7fb1ac021000-7fb1b0000000 ---p 00000000 00:00 0 
7fb1b0000000-7fb1b0181000 rw-p 00000000 00:00 0 
7fb1b0181000-7fb1b4000000 ---p 00000000 00:00 0 
7fb1b4000000-7fb1b4921000 rw-p 00000000 00:00 0 
7fb1b4921000-7fb1b8000000 ---p 00000000 00:00 0 
7fb1b8000000-7fb1b8026000 rw-p 00000000 00:00 0 
7fb1b8026000-7fb1bc000000 ---p 00000000 00:00 0 
7fb1bc000000-7fb1bc021000 rw-p 00000000 00:00 0 
7fb1bc021000-7fb1c0000000 ---p 00000000 00:00 0 
7fb1c0000000-7fb1c0021000 rw-p 00000000 00:00 0 
7fb1c0021000-7fb1c4000000 ---p 00000000 00:00 0 
7fb1c4000000-7fb1c4021000 rw-p 00000000 00:00 0 
7fb1c4021000-7fb1c8000000 ---p 00000000 00:00 0 
7fb1c8000000-7fb1c8100000 rw-p 00000000 00:00 0 
7fb1c8100000-7fb1c8200000 rw-p 00000000 00:00 0 
7fb1c8200000-7fb1c8800000 rw-p 00000000 00:00 0 
7fb1c8800000-7fb1c8900000 rw-p 00000000 00:00 0 
7fb1c8900000-7fb1c8a00000 rw-p 00000000 00:00 0 
7fb1c8a00000-7fb1c8d00000 rw-p 00000000 00:00 0 
7fb1c8d00000-7fb1c8e00000 rw-p 00000000 00:00 0 
7fb1c8e00000-7fb1c9000000 rw-p 00000000 00:00 0 
7fb1ca200000-7fb1ca210000 r-xp 00000000 00:1d36 355                      /home/runner/.cache/jdt-language-server/config/org.eclipse.equinox.launcher/org.eclipse.equinox.launcher.gtk.linux.x86_64_1.2.400.v20211117-0650/eclipse_11600.so
7fb1ca210000-7fb1ca40f000 ---p 00010000 00:1d36 355                      /home/runner/.cache/jdt-language-server/config/org.eclipse.equinox.launcher/org.eclipse.equinox.launcher.gtk.linux.x86_64_1.2.400.v20211117-0650/eclipse_11600.so
7fb1ca40f000-7fb1ca410000 r--p 0000f000 00:1d36 355                      /home/runner/.cache/jdt-language-server/config/org.eclipse.equinox.launcher/org.eclipse.equinox.launcher.gtk.linux.x86_64_1.2.400.v20211117-0650/eclipse_11600.so
7fb1ca410000-7fb1ca411000 rw-p 00010000 00:1d36 355                      /home/runner/.cache/jdt-language-server/config/org.eclipse.equinox.launcher/org.eclipse.equinox.launcher.gtk.linux.x86_64_1.2.400.v20211117-0650/eclipse_11600.so
7fb1cb500000-7fb1cb504000 ---p 00000000 00:00 0 
7fb1cb504000-7fb1cb600000 rw-p 00000000 00:00 0 
7fb1cb700000-7fb1cb704000 ---p 00000000 00:00 0 
7fb1cb704000-7fb1cb800000 rw-p 00000000 00:00 0 
7fb1cb800000-7fb1cb804000 ---p 00000000 00:00 0 
7fb1cb804000-7fb1cb900000 rw-p 00000000 00:00 0 
7fb1cb900000-7fb1cb904000 ---p 00000000 00:00 0 
7fb1cb904000-7fb1cba00000 rw-p 00000000 00:00 0 
7fb1cbb00000-7fb1cbb04000 ---p 00000000 00:00 0 
7fb1cbb04000-7fb1cbc00000 rw-p 00000000 00:00 0 
7fb1cbd00000-7fb1cbd04000 ---p 00000000 00:00 0 
7fb1cbd04000-7fb1cbe00000 rw-p 00000000 00:00 0 
7fb1cbf00000-7fb1cbf04000 ---p 00000000 00:00 0 
7fb1cbf04000-7fb1cc000000 rw-p 00000000 00:00 0 
7fb1cc000000-7fb1cc004000 ---p 00000000 00:00 0 
7fb1cc004000-7fb1cc100000 rw-p 00000000 00:00 0 
7fb1cc100000-7fb1cc104000 ---p 00000000 00:00 0 
7fb1cc104000-7fb1cc200000 rw-p 00000000 00:00 0 
7fb1cc300000-7fb1cc304000 ---p 00000000 00:00 0 
7fb1cc304000-7fb1cc400000 rw-p 00000000 00:00 0 
7fb1cc500000-7fb1cc504000 ---p 00000000 00:00 0 
7fb1cc504000-7fb1cc600000 rw-p 00000000 00:00 0 
7fb1cc700000-7fb1cc704000 ---p 00000000 00:00 0 
7fb1cc704000-7fb1cc800000 rw-p 00000000 00:00 0 
7fb1cc900000-7fb1cc904000 ---p 00000000 00:00 0 
7fb1cc904000-7fb1cca00000 rw-p 00000000 00:00 0 
7fb1cd668000-7fb1cdb00000 rw-p 00000000 00:00 0 
7fb1cdc00000-7fb1cfd6a000 r-xp 00000000 00:1d39 4611686019135190040      /nix/store/gpxl5qgg8kicmcvivwmybwjlpf7wh20l-graalvm17-ce-22.3.0/lib/libjvmcicompiler.so
7fb1cfd6a000-7fb1cff69000 ---p 0216a000 00:1d39 4611686019135190040      /nix/store/gpxl5qgg8kicmcvivwmybwjlpf7wh20l-graalvm17-ce-22.3.0/lib/libjvmcicompiler.so
7fb1cff69000-7fb1cff6a000 r--p 02169000 00:1d39 4611686019135190040      /nix/store/gpxl5qgg8kicmcvivwmybwjlpf7wh20l-graalvm17-ce-22.3.0/lib/libjvmcicompiler.so
7fb1cff6a000-7fb1cff6c000 rw-p 0216a000 00:1d39 4611686019135190040      /nix/store/gpxl5qgg8kicmcvivwmybwjlpf7wh20l-graalvm17-ce-22.3.0/lib/libjvmcicompiler.so
7fb1cff6c000-7fb1cff6d000 rw-p 00000000 00:00 0 
7fb1cff6d000-7fb1cff72000 rw-p 023c3000 00:1d39 4611686019135190040      /nix/store/gpxl5qgg8kicmcvivwmybwjlpf7wh20l-graalvm17-ce-22.3.0/lib/libjvmcicompiler.so
7fb1d0000000-7fb1d0021000 rw-p 00000000 00:00 0 
7fb1d0021000-7fb1d4000000 ---p 00000000 00:00 0 
7fb1d4000000-7fb1d4021000 rw-p 00000000 00:00 0 
7fb1d4021000-7fb1d8000000 ---p 00000000 00:00 0 
7fb1d8000000-7fb1d8021000 rw-p 00000000 00:00 0 
7fb1d8021000-7fb1dc000000 ---p 00000000 00:00 0 
7fb1dc000000-7fb1dc021000 rw-p 00000000 00:00 0 
7fb1dc021000-7fb1e0000000 ---p 00000000 00:00 0 
7fb1e0000000-7fb1e00cf000 rw-p 00000000 00:00 0 
7fb1e00cf000-7fb1e4000000 ---p 00000000 00:00 0 
7fb1e4000000-7fb1e4c10000 rw-p 00000000 00:00 0 
7fb1e4c10000-7fb1e8000000 ---p 00000000 00:00 0 
7fb1e8000000-7fb1e8021000 rw-p 00000000 00:00 0 
7fb1e8021000-7fb1ec000000 ---p 00000000 00:00 0 
7fb1ec000000-7fb1ec021000 rw-p 00000000 00:00 0 
7fb1ec021000-7fb1f0000000 ---p 00000000 00:00 0 
7fb1f0000000-7fb1f0021000 rw-p 00000000 00:00 0 
7fb1f0021000-7fb1f4000000 ---p 00000000 00:00 0 
7fb1f4000000-7fb1f4021000 rw-p 00000000 00:00 0 
7fb1f4021000-7fb1f8000000 ---p 00000000 00:00 0 
7fb1f8000000-7fb1f8021000 rw-p 00000000 00:00 0 
7fb1f8021000-7fb1fc000000 ---p 00000000 00:00 0 
7fb1fc000000-7fb1fc021000 rw-p 00000000 00:00 0 
7fb1fc021000-7fb200000000 ---p 00000000 00:00 0 
7fb200000000-7fb2001ec000 rw-p 00000000 00:00 0 
7fb2001ec000-7fb204000000 ---p 00000000 00:00 0 
7fb204000000-7fb204004000 ---p 00000000 00:00 0 
7fb204004000-7fb204100000 rw-p 00000000 00:00 0 
7fb204100000-7fb204104000 ---p 00000000 00:00 0 
7fb204104000-7fb204200000 rw-p 00000000 00:00 0 
7fb204200000-7fb204204000 ---p 00000000 00:00 0 
7fb204204000-7fb204300000 rw-p 00000000 00:00 0 
7fb204400000-7fb204404000 ---p 00000000 00:00 0 
7fb204404000-7fb204500000 rw-p 00000000 00:00 0 
7fb204600000-7fb204604000 ---p 00000000 00:00 0 
7fb204604000-7fb204700000 rw-p 00000000 00:00 0 
7fb204800000-7fb204804000 ---p 00000000 00:00 0 
7fb204804000-7fb204900000 rw-p 00000000 00:00 0 
7fb204a00000-7fb204a04000 ---p 00000000 00:00 0 
7fb204a04000-7fb204b00000 rw-p 00000000 00:00 0 
7fb204b00000-7fb204b04000 ---p 00000000 00:00 0 
7fb204b04000-7fb204c00000 rw-p 00000000 00:00 0 
7fb204c00000-7fb204c04000 ---p 00000000 00:00 0 
7fb204c04000-7fb204d00000 rw-p 00000000 00:00 0 
7fb204d00000-7fb204d04000 ---p 00000000 00:00 0 
7fb204d04000-7fb204e00000 rw-p 00000000 00:00 0 
7fb204e00000-7fb204e04000 ---p 00000000 00:00 0 
7fb204e04000-7fb204f00000 rw-p 00000000 00:00 0 
7fb204ffe000-7fb205002000 ---p 00000000 00:00 0 
7fb205002000-7fb2050fe000 rw-p 00000000 00:00 0 
7fb2050fe000-7fb2050ff000 ---p 00000000 00:00 0 
7fb2050ff000-7fb205200000 rw-p 00000000 00:00 0 
7fb205200000-7fb205204000 ---p 00000000 00:00 0 
7fb205204000-7fb205300000 rw-p 00000000 00:00 0 
7fb205300000-7fb205304000 ---p 00000000 00:00 0 
7fb205304000-7fb205400000 rw-p 00000000 00:00 0 
7fb205400000-7fb205404000 ---p 00000000 00:00 0 
7fb205404000-7fb205500000 rw-p 00000000 00:00 0 
7fb205500000-7fb205504000 ---p 00000000 00:00 0 
7fb205504000-7fb205700000 rw-p 00000000 00:00 0 
7fb205700000-7fb205704000 ---p 00000000 00:00 0 
7fb205704000-7fb205900000 rw-p 00000000 00:00 0 
7fb205900000-7fb205904000 ---p 00000000 00:00 0 
7fb205904000-7fb205a00000 rw-p 00000000 00:00 0 
7fb205a00000-7fb205a04000 ---p 00000000 00:00 0 
7fb205a04000-7fb205b00000 rw-p 00000000 00:00 0 
7fb205b00000-7fb205b04000 ---p 00000000 00:00 0 
7fb205b04000-7fb206000000 rw-p 00000000 00:00 0 
7fb206000000-7fb206300000 rw-p 00000000 00:00 0 
7fb206300000-7fb206400000 rw-p 00000000 00:00 0 
7fb20645c000-7fb206460000 ---p 00000000 00:00 0 
7fb206460000-7fb20647e000 rw-p 00000000 00:00 0 
7fb20647e000-7fb206493000 r-xp 00000000 00:1d39 4611686019135192570      /nix/store/gpxl5qgg8kicmcvivwmybwjlpf7wh20l-graalvm17-ce-22.3.0/lib/libnet.so
7fb206493000-7fb206494000 ---p 00015000 00:1d39 4611686019135192570      /nix/store/gpxl5qgg8kicmcvivwmybwjlpf7wh20l-graalvm17-ce-22.3.0/lib/libnet.so
7fb206494000-7fb206495000 r--p 00015000 00:1d39 4611686019135192570      /nix/store/gpxl5qgg8kicmcvivwmybwjlpf7wh20l-graalvm17-ce-22.3.0/lib/libnet.so
7fb206495000-7fb206496000 rw-p 00016000 00:1d39 4611686019135192570      /nix/store/gpxl5qgg8kicmcvivwmybwjlpf7wh20l-graalvm17-ce-22.3.0/lib/libnet.so
7fb206496000-7fb206499000 rw-p 0001b000 00:1d39 4611686019135192570      /nix/store/gpxl5qgg8kicmcvivwmybwjlpf7wh20l-graalvm17-ce-22.3.0/lib/libnet.so
7fb206499000-7fb2064ac000 r-xp 00000000 00:1d39 4611686019135192571      /nix/store/gpxl5qgg8kicmcvivwmybwjlpf7wh20l-graalvm17-ce-22.3.0/lib/libnio.so
7fb2064ac000-7fb2064ad000 r--p 00012000 00:1d39 4611686019135192571      /nix/store/gpxl5qgg8kicmcvivwmybwjlpf7wh20l-graalvm17-ce-22.3.0/lib/libnio.so
7fb2064ad000-7fb2064ae000 rw-p 00013000 00:1d39 4611686019135192571      /nix/store/gpxl5qgg8kicmcvivwmybwjlpf7wh20l-graalvm17-ce-22.3.0/lib/libnio.so
7fb2064ae000-7fb2064b3000 rw-p 00019000 00:1d39 4611686019135192571      /nix/store/gpxl5qgg8kicmcvivwmybwjlpf7wh20l-graalvm17-ce-22.3.0/lib/libnio.so
7fb2064b3000-7fb2074b3000 rw-p 00000000 00:00 0 
7fb2074b3000-7fb207723000 rwxp 00000000 00:00 0 
7fb207723000-7fb207a42000 ---p 00000000 00:00 0 
7fb207a42000-7fb208a72000 rwxp 00000000 00:00 0 
7fb208a72000-7fb20ef7a000 ---p 00000000 00:00 0 
7fb20ef7a000-7fb20f20a000 rwxp 00000000 00:00 0 
7fb20f20a000-7fb2164b3000 ---p 00000000 00:00 0 
7fb2164b3000-7fb220000000 r--s 00000000 00:1d39 4611686019135192581      /nix/store/gpxl5qgg8kicmcvivwmybwjlpf7wh20l-graalvm17-ce-22.3.0/lib/modules
7fb220000000-7fb22062a000 rw-p 00000000 00:00 0 
7fb22062a000-7fb224000000 ---p 00000000 00:00 0 
7fb224005000-7fb224007000 r-xp 00000000 00:1d39 4611686019135190017      /nix/store/gpxl5qgg8kicmcvivwmybwjlpf7wh20l-graalvm17-ce-22.3.0/lib/libextnet.so
7fb224007000-7fb224008000 r--p 00001000 00:1d39 4611686019135190017      /nix/store/gpxl5qgg8kicmcvivwmybwjlpf7wh20l-graalvm17-ce-22.3.0/lib/libextnet.so
7fb224008000-7fb224009000 rw-p 00002000 00:1d39 4611686019135190017      /nix/store/gpxl5qgg8kicmcvivwmybwjlpf7wh20l-graalvm17-ce-22.3.0/lib/libextnet.so
7fb224009000-7fb22400a000 rw-p 00004000 00:1d39 4611686019135190017      /nix/store/gpxl5qgg8kicmcvivwmybwjlpf7wh20l-graalvm17-ce-22.3.0/lib/libextnet.so
7fb22400a000-7fb224011000 r-xp 00000000 00:1d39 4611686019135192580      /nix/store/gpxl5qgg8kicmcvivwmybwjlpf7wh20l-graalvm17-ce-22.3.0/lib/libzip.so
7fb224011000-7fb224012000 ---p 00007000 00:1d39 4611686019135192580      /nix/store/gpxl5qgg8kicmcvivwmybwjlpf7wh20l-graalvm17-ce-22.3.0/lib/libzip.so
7fb224012000-7fb224013000 r--p 00007000 00:1d39 4611686019135192580      /nix/store/gpxl5qgg8kicmcvivwmybwjlpf7wh20l-graalvm17-ce-22.3.0/lib/libzip.so
7fb224013000-7fb224014000 rw-p 00008000 00:1d39 4611686019135192580      /nix/store/gpxl5qgg8kicmcvivwmybwjlpf7wh20l-graalvm17-ce-22.3.0/lib/libzip.so
7fb224014000-7fb224016000 rw-p 0000b000 00:1d39 4611686019135192580      /nix/store/gpxl5qgg8kicmcvivwmybwjlpf7wh20l-graalvm17-ce-22.3.0/lib/libzip.so
7fb224016000-7fb2242fc000 r--p 00000000 00:d99 28444448                  /usr/lib/locale/locale-archive
7fb2242fc000-7fb224300000 ---p 00000000 00:00 0 
7fb224300000-7fb2243fc000 rw-p 00000000 00:00 0 
7fb2243fc000-7fb224400000 ---p 00000000 00:00 0 
7fb224400000-7fb2244fc000 rw-p 00000000 00:00 0 
7fb2244fc000-7fb2244fd000 ---p 00000000 00:00 0 
7fb2244fd000-7fb2245fe000 rw-p 00000000 00:00 0 
7fb2245fe000-7fb2246cc000 r-xp 00000000 00:1d39 4611686019135190036      /nix/store/gpxl5qgg8kicmcvivwmybwjlpf7wh20l-graalvm17-ce-22.3.0/lib/libjsvml.so
7fb2246cc000-7fb2246cd000 r--p 000cd000 00:1d39 4611686019135190036      /nix/store/gpxl5qgg8kicmcvivwmybwjlpf7wh20l-graalvm17-ce-22.3.0/lib/libjsvml.so
7fb2246cd000-7fb2246ce000 rw-p 000ce000 00:1d39 4611686019135190036      /nix/store/gpxl5qgg8kicmcvivwmybwjlpf7wh20l-graalvm17-ce-22.3.0/lib/libjsvml.so
7fb2246ce000-7fb224fa6000 rw-p 00000000 00:00 0 
7fb224fa6000-7fb224fa7000 ---p 00000000 00:00 0 
7fb224fa7000-7fb225152000 rw-p 00000000 00:00 0 
7fb225152000-7fb225175000 rw-p 00000000 00:00 0 
7fb225175000-7fb2251a8000 ---p 00000000 00:00 0 
7fb2251a8000-7fb2251af000 rw-p 00000000 00:00 0 
7fb2251af000-7fb225294000 ---p 00000000 00:00 0 
7fb225294000-7fb2252b5000 rw-p 00000000 00:00 0 
7fb2252b5000-7fb22537f000 ---p 00000000 00:00 0 
7fb22537f000-7fb225384000 rw-p 00000000 00:00 0 
7fb225384000-7fb22538b000 ---p 00000000 00:00 0 
7fb22538b000-7fb2253af000 r-xp 00000000 00:1d39 4611686019135190028      /nix/store/gpxl5qgg8kicmcvivwmybwjlpf7wh20l-graalvm17-ce-22.3.0/lib/libjava.so
7fb2253af000-7fb2253b0000 ---p 00024000 00:1d39 4611686019135190028      /nix/store/gpxl5qgg8kicmcvivwmybwjlpf7wh20l-graalvm17-ce-22.3.0/lib/libjava.so
7fb2253b0000-7fb2253b1000 r--p 00024000 00:1d39 4611686019135190028      /nix/store/gpxl5qgg8kicmcvivwmybwjlpf7wh20l-graalvm17-ce-22.3.0/lib/libjava.so
7fb2253b1000-7fb2253b2000 rw-p 00025000 00:1d39 4611686019135190028      /nix/store/gpxl5qgg8kicmcvivwmybwjlpf7wh20l-graalvm17-ce-22.3.0/lib/libjava.so
7fb2253b2000-7fb2253b3000 rw-p 00000000 00:00 0 
7fb2253b3000-7fb2253ba000 rw-p 0002f000 00:1d39 4611686019135190028      /nix/store/gpxl5qgg8kicmcvivwmybwjlpf7wh20l-graalvm17-ce-22.3.0/lib/libjava.so
7fb2253ba000-7fb2253c2000 rw-s 00000000 00:dc1 350                       /tmp/hsperfdata_runner/24
7fb2253c2000-7fb2253c3000 ---p 00000000 00:00 0 
7fb2253c3000-7fb2253c4000 r--p 00000000 00:00 0 
7fb2253c4000-7fb2253c5000 rwxp 00000000 00:00 0 
7fb2253c5000-7fb2253e0000 r-xp 00000000 00:1d39 4611686019135190032      /nix/store/gpxl5qgg8kicmcvivwmybwjlpf7wh20l-graalvm17-ce-22.3.0/lib/libjimage.so
7fb2253e0000-7fb2253e1000 ---p 0001b000 00:1d39 4611686019135190032      /nix/store/gpxl5qgg8kicmcvivwmybwjlpf7wh20l-graalvm17-ce-22.3.0/lib/libjimage.so
7fb2253e1000-7fb2253e3000 r--p 0001b000 00:1d39 4611686019135190032      /nix/store/gpxl5qgg8kicmcvivwmybwjlpf7wh20l-graalvm17-ce-22.3.0/lib/libjimage.so
7fb2253e3000-7fb2253e4000 rw-p 0001d000 00:1d39 4611686019135190032      /nix/store/gpxl5qgg8kicmcvivwmybwjlpf7wh20l-graalvm17-ce-22.3.0/lib/libjimage.so
7fb2253e4000-7fb2253e5000 rw-p 00024000 00:1d39 4611686019135190032      /nix/store/gpxl5qgg8kicmcvivwmybwjlpf7wh20l-graalvm17-ce-22.3.0/lib/libjimage.so
7fb2253e5000-7fb2253e9000 ---p 00000000 00:00 0 
7fb2253e9000-7fb2254e5000 rw-p 00000000 00:00 0 
7fb2254e5000-7fb2254f3000 r--p 00000000 00:1d39 4611686019027979927      /nix/store/4nlgxhb09sdr51nc9hdm8az5b08vzkgx-glibc-2.35-163/lib/libm.so.6
7fb2254f3000-7fb225566000 r-xp 0000e000 00:1d39 4611686019027979927      /nix/store/4nlgxhb09sdr51nc9hdm8az5b08vzkgx-glibc-2.35-163/lib/libm.so.6
7fb225566000-7fb2255c3000 r--p 00081000 00:1d39 4611686019027979927      /nix/store/4nlgxhb09sdr51nc9hdm8az5b08vzkgx-glibc-2.35-163/lib/libm.so.6
7fb2255c3000-7fb2255c4000 r--p 000dd000 00:1d39 4611686019027979927      /nix/store/4nlgxhb09sdr51nc9hdm8az5b08vzkgx-glibc-2.35-163/lib/libm.so.6
7fb2255c4000-7fb2255c5000 rw-p 000de000 00:1d39 4611686019027979927      /nix/store/4nlgxhb09sdr51nc9hdm8az5b08vzkgx-glibc-2.35-163/lib/libm.so.6
7fb2255c5000-7fb2255c6000 r--p 00000000 00:1d39 4611686019027979946      /nix/store/4nlgxhb09sdr51nc9hdm8az5b08vzkgx-glibc-2.35-163/lib/librt.so.1
7fb2255c6000-7fb2255c7000 r-xp 00001000 00:1d39 4611686019027979946      /nix/store/4nlgxhb09sdr51nc9hdm8az5b08vzkgx-glibc-2.35-163/lib/librt.so.1
7fb2255c7000-7fb2255c8000 r--p 00002000 00:1d39 4611686019027979946      /nix/store/4nlgxhb09sdr51nc9hdm8az5b08vzkgx-glibc-2.35-163/lib/librt.so.1
7fb2255c8000-7fb2255c9000 r--p 00002000 00:1d39 4611686019027979946      /nix/store/4nlgxhb09sdr51nc9hdm8az5b08vzkgx-glibc-2.35-163/lib/librt.so.1
7fb2255c9000-7fb2255ca000 rw-p 00003000 00:1d39 4611686019027979946      /nix/store/4nlgxhb09sdr51nc9hdm8az5b08vzkgx-glibc-2.35-163/lib/librt.so.1
7fb2255ca000-7fb2266dd000 r-xp 00000000 00:1d39 4611686019135360866      /nix/store/gpxl5qgg8kicmcvivwmybwjlpf7wh20l-graalvm17-ce-22.3.0/lib/server/libjvm.so
7fb2266dd000-7fb2266de000 ---p 01113000 00:1d39 4611686019135360866      /nix/store/gpxl5qgg8kicmcvivwmybwjlpf7wh20l-graalvm17-ce-22.3.0/lib/server/libjvm.so
7fb2266de000-7fb226793000 r--p 01113000 00:1d39 4611686019135360866      /nix/store/gpxl5qgg8kicmcvivwmybwjlpf7wh20l-graalvm17-ce-22.3.0/lib/server/libjvm.so
7fb226793000-7fb2267c7000 rw-p 011c8000 00:1d39 4611686019135360866      /nix/store/gpxl5qgg8kicmcvivwmybwjlpf7wh20l-graalvm17-ce-22.3.0/lib/server/libjvm.so
7fb2267c7000-7fb226823000 rw-p 00000000 00:00 0 
7fb226823000-7fb22684b000 r--p 00000000 00:1d39 4611686019027979918      /nix/store/4nlgxhb09sdr51nc9hdm8az5b08vzkgx-glibc-2.35-163/lib/libc.so.6
7fb22684b000-7fb2269c1000 r-xp 00028000 00:1d39 4611686019027979918      /nix/store/4nlgxhb09sdr51nc9hdm8az5b08vzkgx-glibc-2.35-163/lib/libc.so.6
7fb2269c1000-7fb226a19000 r--p 0019e000 00:1d39 4611686019027979918      /nix/store/4nlgxhb09sdr51nc9hdm8az5b08vzkgx-glibc-2.35-163/lib/libc.so.6
7fb226a19000-7fb226a1d000 r--p 001f6000 00:1d39 4611686019027979918      /nix/store/4nlgxhb09sdr51nc9hdm8az5b08vzkgx-glibc-2.35-163/lib/libc.so.6
7fb226a1d000-7fb226a1f000 rw-p 001fa000 00:1d39 4611686019027979918      /nix/store/4nlgxhb09sdr51nc9hdm8az5b08vzkgx-glibc-2.35-163/lib/libc.so.6
7fb226a1f000-7fb226a2e000 rw-p 00000000 00:00 0 
7fb226a2e000-7fb226a2f000 r--p 00000000 00:1d39 4611686019027979923      /nix/store/4nlgxhb09sdr51nc9hdm8az5b08vzkgx-glibc-2.35-163/lib/libdl.so.2
7fb226a2f000-7fb226a30000 r-xp 00001000 00:1d39 4611686019027979923      /nix/store/4nlgxhb09sdr51nc9hdm8az5b08vzkgx-glibc-2.35-163/lib/libdl.so.2
7fb226a30000-7fb226a31000 r--p 00002000 00:1d39 4611686019027979923      /nix/store/4nlgxhb09sdr51nc9hdm8az5b08vzkgx-glibc-2.35-163/lib/libdl.so.2
7fb226a31000-7fb226a32000 r--p 00002000 00:1d39 4611686019027979923      /nix/store/4nlgxhb09sdr51nc9hdm8az5b08vzkgx-glibc-2.35-163/lib/libdl.so.2
7fb226a32000-7fb226a33000 rw-p 00003000 00:1d39 4611686019027979923      /nix/store/4nlgxhb09sdr51nc9hdm8az5b08vzkgx-glibc-2.35-163/lib/libdl.so.2
7fb226a33000-7fb226a34000 r--p 00000000 00:1d39 4611686019027979942      /nix/store/4nlgxhb09sdr51nc9hdm8az5b08vzkgx-glibc-2.35-163/lib/libpthread.so.0
7fb226a34000-7fb226a35000 r-xp 00001000 00:1d39 4611686019027979942      /nix/store/4nlgxhb09sdr51nc9hdm8az5b08vzkgx-glibc-2.35-163/lib/libpthread.so.0
7fb226a35000-7fb226a36000 r--p 00002000 00:1d39 4611686019027979942      /nix/store/4nlgxhb09sdr51nc9hdm8az5b08vzkgx-glibc-2.35-163/lib/libpthread.so.0
7fb226a36000-7fb226a37000 r--p 00002000 00:1d39 4611686019027979942      /nix/store/4nlgxhb09sdr51nc9hdm8az5b08vzkgx-glibc-2.35-163/lib/libpthread.so.0
7fb226a37000-7fb226a38000 rw-p 00003000 00:1d39 4611686019027979942      /nix/store/4nlgxhb09sdr51nc9hdm8az5b08vzkgx-glibc-2.35-163/lib/libpthread.so.0
7fb226a38000-7fb226a46000 r-xp 00000000 00:1d39 4611686019135190033      /nix/store/gpxl5qgg8kicmcvivwmybwjlpf7wh20l-graalvm17-ce-22.3.0/lib/libjli.so
7fb226a46000-7fb226a47000 ---p 0000e000 00:1d39 4611686019135190033      /nix/store/gpxl5qgg8kicmcvivwmybwjlpf7wh20l-graalvm17-ce-22.3.0/lib/libjli.so
7fb226a47000-7fb226a48000 r--p 0000e000 00:1d39 4611686019135190033      /nix/store/gpxl5qgg8kicmcvivwmybwjlpf7wh20l-graalvm17-ce-22.3.0/lib/libjli.so
7fb226a48000-7fb226a49000 rw-p 0000f000 00:1d39 4611686019135190033      /nix/store/gpxl5qgg8kicmcvivwmybwjlpf7wh20l-graalvm17-ce-22.3.0/lib/libjli.so
7fb226a49000-7fb226a4a000 rw-p 00012000 00:1d39 4611686019135190033      /nix/store/gpxl5qgg8kicmcvivwmybwjlpf7wh20l-graalvm17-ce-22.3.0/lib/libjli.so
7fb226a4a000-7fb226a4d000 r--p 00000000 00:1d39 4611686019106210071      /nix/store/026hln0aq1hyshaxsdvhg0kmcm6yf45r-zlib-1.2.13/lib/libz.so.1.2.13
7fb226a4d000-7fb226a5f000 r-xp 00003000 00:1d39 4611686019106210071      /nix/store/026hln0aq1hyshaxsdvhg0kmcm6yf45r-zlib-1.2.13/lib/libz.so.1.2.13
7fb226a5f000-7fb226a66000 r--p 00015000 00:1d39 4611686019106210071      /nix/store/026hln0aq1hyshaxsdvhg0kmcm6yf45r-zlib-1.2.13/lib/libz.so.1.2.13
7fb226a66000-7fb226a67000 r--p 0001b000 00:1d39 4611686019106210071      /nix/store/026hln0aq1hyshaxsdvhg0kmcm6yf45r-zlib-1.2.13/lib/libz.so.1.2.13
7fb226a67000-7fb226a68000 rw-p 0001c000 00:1d39 4611686019106210071      /nix/store/026hln0aq1hyshaxsdvhg0kmcm6yf45r-zlib-1.2.13/lib/libz.so.1.2.13
7fb226a68000-7fb226a6a000 rw-p 00000000 00:00 0 
7fb226a6a000-7fb226a6c000 r--p 00000000 00:1d39 4611686019027979912      /nix/store/4nlgxhb09sdr51nc9hdm8az5b08vzkgx-glibc-2.35-163/lib/ld-linux-x86-64.so.2
7fb226a6c000-7fb226a93000 r-xp 00002000 00:1d39 4611686019027979912      /nix/store/4nlgxhb09sdr51nc9hdm8az5b08vzkgx-glibc-2.35-163/lib/ld-linux-x86-64.so.2
7fb226a93000-7fb226a9f000 r--p 00029000 00:1d39 4611686019027979912      /nix/store/4nlgxhb09sdr51nc9hdm8az5b08vzkgx-glibc-2.35-163/lib/ld-linux-x86-64.so.2
7fb226a9f000-7fb226aa1000 r--p 00034000 00:1d39 4611686019027979912      /nix/store/4nlgxhb09sdr51nc9hdm8az5b08vzkgx-glibc-2.35-163/lib/ld-linux-x86-64.so.2
7fb226aa1000-7fb226aa3000 rw-p 00036000 00:1d39 4611686019027979912      /nix/store/4nlgxhb09sdr51nc9hdm8az5b08vzkgx-glibc-2.35-163/lib/ld-linux-x86-64.so.2
7ffd456cd000-7ffd456f1000 rw-p 00000000 00:00 0                          [stack]
7ffd457d3000-7ffd457d7000 r--p 00000000 00:00 0                          [vvar]
7ffd457d7000-7ffd457d9000 r-xp 00000000 00:00 0                          [vdso]
ffffffffff600000-ffffffffff601000 --xp 00000000 00:00 0                  [vsyscall]


VM Arguments:
jvm_args: -XX:ThreadPriorityPolicy=1 -XX:+UnlockExperimentalVMOptions -XX:+EnableJVMCIProduct -XX:JVMCIThreadsPerNativeLibraryRuntime=1 -XX:-UnlockExperimentalVMOptions -Declipse.application=org.eclipse.jdt.ls.core.id1 -Dosgi.bundles.defaultStartLevel=4 -Declipse.product=org.eclipse.jdt.ls.core.product -Dlog.level=ALL -Xverify:none -XX:+UseParallelGC -XX:GCTimeRatio=4 -XX:AdaptiveSizePolicyWeight=90 -Dsun.zip.disableMemoryMapping=true -Xmx512m -Xms100m 
java_command: /nix/store/m6gcpi1ii6rghy04cjwjddcavv7i90df-jdt-language-server-1.9.0/share/java/plugins/org.eclipse.equinox.launcher_1.6.400.v20210924-0641.jar --add-modules=ALL-SYSTEM --add-opens java.base/java.util=ALL-UNNAMED --add-opens java.base/java.lang=ALL-UNNAMED -configuration /home/runner/.cache/jdt-language-server/config -data /home/runner/.cache/jdt-language-server/data/home/runner/BlackJackProject
java_class_path (initial): /nix/store/m6gcpi1ii6rghy04cjwjddcavv7i90df-jdt-language-server-1.9.0/share/java/plugins/org.eclipse.equinox.launcher_1.6.400.v20210924-0641.jar
Launcher Type: SUN_STANDARD

[Global flags]
    uintx AdaptiveSizePolicyWeight                 = 90                                        {product} {command line}
     intx CICompilerCount                          = 2                                         {product} {ergonomic}
     bool EnableJVMCIProduct                       = true                                {JVMCI product} {jimage}
    uintx GCTimeRatio                              = 4                                         {product} {command line}
   size_t InitialHeapSize                          = 104857600                                 {product} {command line}
     uint JVMCIThreadsPerNativeLibraryRuntime      = 1                                   {JVMCI product} {jimage}
   size_t MaxHeapSize                              = 536870912                                 {product} {command line}
   size_t MaxNewSize                               = 178782208                                 {product} {ergonomic}
   size_t MinHeapDeltaBytes                        = 524288                                    {product} {ergonomic}
   size_t MinHeapSize                              = 104857600                                 {product} {command line}
   size_t NewSize                                  = 34603008                                  {product} {ergonomic}
    uintx NonNMethodCodeHeapSize                   = 5826188                                {pd product} {ergonomic}
    uintx NonProfiledCodeHeapSize                  = 122916026                              {pd product} {ergonomic}
   size_t OldSize                                  = 70254592                                  {product} {ergonomic}
    uintx ProfiledCodeHeapSize                     = 122916026                              {pd product} {ergonomic}
    uintx ReservedCodeCacheSize                    = 251658240                              {pd product} {ergonomic}
     bool SegmentedCodeCache                       = true                                      {product} {ergonomic}
   size_t SoftMaxHeapSize                          = 536870912                              {manageable} {ergonomic}
     intx ThreadPriorityPolicy                     = 1                                         {product} {jimage}
     bool UseCompressedClassPointers               = true                           {product lp64_product} {ergonomic}
     bool UseCompressedOops                        = true                           {product lp64_product} {ergonomic}
     bool UseParallelGC                            = true                                      {product} {command line}

Logging:
Log output configuration:
 #0: stdout all=warning uptime,level,tags
 #1: stderr all=off uptime,level,tags

Environment Variables:
JAVA_HOME=/nix/store/gpxl5qgg8kicmcvivwmybwjlpf7wh20l-graalvm17-ce-22.3.0
PATH=/nix/store/1d6ian3r8kdzspw8hacjhl3xkp40g1lj-binutils-wrapper-2.39/bin:/nix/store/dq0xwmsk1g0i2ayg6pb7y87na2knzylh-gcc-wrapper-11.3.0/bin:/nix/store/bap4d0lpcrhpwmpb8ayjcgkmvfj62lnq-bash-interactive-5.1-p16/bin:/nix/store/pr5n59mb4jzmfx6kanwxly0l07p861fg-patchelf-0.15.0/bin:/nix/store/1gf2flfqnpqbr1b4p4qz2f72y42bs56r-gcc-11.3.0/bin:/nix/store/57xv61c5zi8pphjbcwxxjlgc34p61ic9-glibc-2.35-163-bin/bin:/nix/store/a7gvj343m05j2s32xcnwr35v31ynlypr-coreutils-9.1/bin:/nix/store/039g378vc3pc3dvi9dzdlrd0i4q93qwf-binutils-2.39/bin:/nix/store/gpxl5qgg8kicmcvivwmybwjlpf7wh20l-graalvm17-ce-22.3.0/bin:/nix/store/6z9ag3ihc8mq2hzsw48lhbznvzny65nz-apache-maven-3.8.6/bin:/nix/store/m6gcpi1ii6rghy04cjwjddcavv7i90df-jdt-language-server-1.9.0/bin:/nix/store/84xs5alhs01zrbr4ywm05kxbjbp5590l-java-debug/bin:/nix/store/mydc6f4k2z73xlcz7ilif3v2lcaiqvza-findutils-4.9.0/bin:/nix/store/j9p3g8472iijd50vhdprx0nmk2fqn5gv-diffutils-3.8/bin:/nix/store/89zs7rms6x00xfq4dq6m7mjnhkr8a6r4-gnused-4.8/bin:/nix/store/86bp03jkmsl6f92w0yzg4s59g5mhxwmy-gnugrep-3.7/bin:/nix/store/hwcdqw4jrjnd37wxqgsd47hd0j8bnj09-gawk-5.1.1/bin:/nix/store/cfbhw8r8ags41vwqaz47r583d0p4h4a1-gnutar-1.34/bin:/nix/store/p3m1ndl1lapwrlh698bnb5lvvxh67378-gzip-1.12/bin:/nix/store/a8mhcagrsly7c7mpjrpsnaahk4aax056-bzip2-1.0.8-bin/bin:/nix/store/mblgz65m3zv9x548a3d5m96fj2pbwr09-gnumake-4.3/bin:/nix/store/dsd5gz46hdbdk2rfdimqddhq6m8m8fqs-bash-5.1-p16/bin:/nix/store/v7ljksji50mg3w61dykaa3n3y79n6nil-patch-2.7.6/bin:/nix/store/zlcnmqq14jz5x9439jf937mvayyl63da-xz-5.2.7-bin/bin:/nix/store/y6aj732zm9m87c82fpvf103a1xb22blp-file-5.43/bin:/nix/store/sgqd0ajghcv2axfl1lad0b1alyavp0dc-prybar-elisp-0.0.0-67f7a00/bin:/nix/store/p3hsvljpgs68jqwar41lc0jqhjj734lf-prybar-lua-0.0.0-67f7a00/bin:/nix/store/qzxs2gybds3s9kb1vkaflpgm2nwr85fh-prybar-python3-0.0.0-67f7a00/bin:/nix/store/km94z9mxp8w4m8gxxp5mbfpdf3nkfvd8-prybar-sqlite-0.0.0-67f7a00/bin:/nix/store/2pnc7b76asw0z59c4l6h6qy8arwqrii1-prybar-tcl-0.0.0-67f7a00/bin:/nix/store/hpbvrlwd5viqmvcaisb3x0118i913a9n-st
LD_LIBRARY_PATH=/nix/store/a4pff549sk2idnkpzk5nsfps3mdkdnvm-cups-2.4.2-lib/lib:/nix/store/72mqxxhh3cy5yifh92wh2yb8cl2hikyy-cairo-1.16.0/lib:/nix/store/2k366jrbsra97gjfxwvrhvixjfxdach5-glib-2.74.1/lib:/nix/store/2j2znigd8ak37rlwh9khz0ry3clqlw1l-gtk+3-3.24.34/lib:/nix/store/hisqvx32cd57apbpcsnkpx6k3549wql1-libglvnd-1.4.0/lib:/nix/store/p36pgcv991mq5srvg765b78yqpxvk3qs-mesa-21.3.3-drivers/lib:/nix/store/mav4251if1ahjq5vkpwycyyvnmy459c4-pulseaudio-14.2/lib
DISPLAY=:0
LANG=en_US.UTF-8

Signal Handlers:
   SIGSEGV: crash_handler in libjvm.so, mask=11100100010111111101111111111110, flags=SA_RESTART|SA_SIGINFO
    SIGBUS: crash_handler in libjvm.so, mask=11100100010111111101111111111110, flags=SA_RESTART|SA_SIGINFO
    SIGFPE: crash_handler in libjvm.so, mask=11100100010111111101111111111110, flags=SA_RESTART|SA_SIGINFO
   SIGPIPE: IsolateEnterStub_IgnoreSIGPIPEStartupHook_noopSignalHandler_8f19bff2f35b5f630d83b364d6b2339320d4ec70_216e8361c6bc87a8f89f58cc10d3b2fd4415bf87 in libjvmcicompiler.so, mask=00000000000000000000000000000000, flags=SA_RESTART
  *** Handler was modified!
  *** Expected: javaSignalHandler in libjvm.so, mask=11100100110111111111111111111110, flags=SA_RESTART|SA_SIGINFO
   SIGXFSZ: javaSignalHandler in libjvm.so, mask=11100100010111111101111111111110, flags=SA_RESTART|SA_SIGINFO
    SIGILL: crash_handler in libjvm.so, mask=11100100010111111101111111111110, flags=SA_RESTART|SA_SIGINFO
   SIGUSR2: SR_handler in libjvm.so, mask=00000000000000000000000000000000, flags=SA_RESTART|SA_SIGINFO
    SIGHUP: UserHandler in libjvm.so, mask=11100100010111111101111111111110, flags=SA_RESTART|SA_SIGINFO
    SIGINT: UserHandler in libjvm.so, mask=11100100010111111101111111111110, flags=SA_RESTART|SA_SIGINFO
   SIGTERM: UserHandler in libjvm.so, mask=11100100010111111101111111111110, flags=SA_RESTART|SA_SIGINFO
   SIGQUIT: UserHandler in libjvm.so, mask=11100100010111111101111111111110, flags=SA_RESTART|SA_SIGINFO
  *** Handler was modified!
  *** Expected: javaSignalHandler in libjvm.so, mask=11100100110111111111111111111110, flags=SA_RESTART|SA_SIGINFO
   SIGTRAP: crash_handler in libjvm.so, mask=11100100010111111101111111111110, flags=SA_RESTART|SA_SIGINFO


---------------  S Y S T E M  ---------------

OS:
DISTRIB_ID=Ubuntu
DISTRIB_RELEASE=20.04
DISTRIB_CODENAME=focal
DISTRIB_DESCRIPTION="Ubuntu 20.04.2 LTS"
uname: Linux 5.15.0-1030-gcp #37~20.04.1-Ubuntu SMP Mon Feb 20 04:30:57 UTC 2023 x86_64
OS uptime: 0 days 1:08 hours
libc: glibc 2.35 NPTL 2.35 
rlimit (soft/hard): STACK 8192k/infinity , CORE infinity/infinity , NPROC infinity/infinity , NOFILE 5242/5242 , AS infinity/infinity , CPU infinity/infinity , DATA infinity/infinity , FSIZE infinity/infinity , MEMLOCK 64k/64k
load average: 10.81 13.47 13.60

/proc/meminfo:
MemTotal:       65852732 kB
MemFree:        32106700 kB
MemAvailable:   46211308 kB
Buffers:         1146340 kB
Cached:         12390740 kB
SwapCached:            0 kB
Active:          5642176 kB
Inactive:       24697796 kB
Active(anon):      15768 kB
Inactive(anon): 16766476 kB
Active(file):    5626408 kB
Inactive(file):  7931320 kB
Unevictable:       43152 kB
Mlocked:           43152 kB
SwapTotal:             0 kB
SwapFree:              0 kB
Dirty:             22340 kB
Writeback:             0 kB
AnonPages:      16268224 kB
Mapped:          1994208 kB
Shmem:             91924 kB
KReclaimable:    1273480 kB
Slab:            2379024 kB
SReclaimable:    1273480 kB
SUnreclaim:      1105544 kB
KernelStack:      416996 kB
PageTables:       186140 kB
NFS_Unstable:          0 kB
Bounce:                0 kB
WritebackTmp:          0 kB
CommitLimit:    32926364 kB
Committed_AS:   69081408 kB
VmallocTotal:   34359738367 kB
VmallocUsed:      452004 kB
VmallocChunk:          0 kB
Percpu:            50240 kB
HardwareCorrupted:     0 kB
AnonHugePages:   2461696 kB
ShmemHugePages:        0 kB
ShmemPmdMapped:        0 kB
FileHugePages:         0 kB
FilePmdMapped:         0 kB
HugePages_Total:       0
HugePages_Free:        0
HugePages_Rsvd:        0
HugePages_Surp:        0
Hugepagesize:       2048 kB
Hugetlb:               0 kB
DirectMap4k:     2460480 kB
DirectMap2M:    33187840 kB
DirectMap1G:    33554432 kB

/sys/kernel/mm/transparent_hugepage/enabled: always [madvise] never
/sys/kernel/mm/transparent_hugepage/defrag (defrag/compaction efforts parameter): always defer defer+madvise [madvise] never

Process Memory:
Virtual Size: 4996184K (peak: 5022524K)
Resident Set Size: 766120K (peak: 799220K) (anon: 568868K, file: 197252K, shmem: 0K)
Swapped out: 0K
C-Heap outstanding allocations: 44545K, retained: 17754K
glibc malloc tunables: (default)

/proc/sys/kernel/threads-max (system-wide limit on the number of threads): 514406
/proc/sys/vm/max_map_count (maximum number of memory map areas a process may have): 65530
/proc/sys/kernel/pid_max (system-wide limit on number of process identifiers): 4194304

container (cgroup) information:
container_type: cgroupv1
cpu_cpuset_cpus: 2-7
cpu_memory_nodes: 0
active_processor_count: 1
cpu_quota: 50000
cpu_period: 100000
cpu_shares: 512
memory_limit_in_bytes: 1048576 k
memory_and_swap_limit_in_bytes: 1048576 k
memory_soft_limit_in_bytes: 524288 k
memory_usage_in_bytes: 622836 k
memory_max_usage_in_bytes: 678332 k
maximum number of tasks: 1000
current number of tasks: 51

KVM virtualization detected
Steal ticks since vm start: 0
Steal ticks percentage since vm start:  0.000

CPU: total 8 (initial active 1) (8 cores per cpu, 2 threads per core) family 23 model 49 stepping 0 microcode 0xffffffff, cx8, cmov, fxsr, ht, mmx, 3dnowpref, sse, sse2, sse3, ssse3, sse4a, sse4.1, sse4.2, popcnt, lzcnt, tsc, tscinvbit, avx, avx2, aes, clmul, bmi1, bmi2, adx, sha, fma, vzeroupper, clflush, clflushopt, hv
CPU Model and flags from /proc/cpuinfo:
model name	: AMD EPYC 7B12
flags		: fpu vme de pse tsc msr pae mce cx8 apic sep mtrr pge mca cmov pat pse36 clflush mmx fxsr sse sse2 ht syscall nx mmxext fxsr_opt pdpe1gb rdtscp lm constant_tsc rep_good nopl nonstop_tsc cpuid extd_apicid tsc_known_freq pni pclmulqdq ssse3 fma cx16 sse4_1 sse4_2 movbe popcnt aes xsave avx f16c rdrand hypervisor lahf_lm cmp_legacy cr8_legacy abm sse4a misalignsse 3dnowprefetch osvw topoext ssbd ibrs ibpb stibp vmmcall fsgsbase tsc_adjust bmi1 avx2 smep bmi2 rdseed adx smap clflushopt clwb sha_ni xsaveopt xsavec xgetbv1 clzero xsaveerptr arat npt nrip_save umip rdpid

Online cpus: 0-7
Offline cpus: 
BIOS frequency limitation: <Not Available>
Frequency switch latency (ns): <Not Available>
Available cpu frequencies: <Not Available>
Current governor: <Not Available>
Core performance/turbo boost: <Not Available>

Memory: 4k page, physical 1048576k(425732k free), swap 0k(0k free)
Page Sizes: 4k

vm_info: OpenJDK 64-Bit Server VM (17.0.5+8-jvmci-22.3-b08) for linux-amd64 JRE (17.0.5+8-jvmci-22.3-b08), built on Oct 19 2022 09:01:27 by "buildslave" with gcc 10.3.0

END.
